#
# There is insufficient memory for the Java Runtime Environment to continue.
# Native memory allocation (mmap) failed to map 651165696 bytes for G1 virtual space
# Possible reasons:
#   The system is out of physical RAM or swap space
#   The process is running with CompressedOops enabled, and the Java Heap may be blocking the growth of the native heap
# Possible solutions:
#   Reduce memory load on the system
#   Increase physical memory or swap space
#   Check if swap backing store is full
#   Decrease Java heap size (-Xmx/-Xms)
#   Decrease number of Java threads
#   Decrease Java thread stack sizes (-Xss)
#   Set larger code cache with -XX:ReservedCodeCacheSize=
#   JVM is running with Unscaled Compressed Oops mode in which the Java heap is
#     placed in the first 4GB address space. The Java Heap base address is the
#     maximum limit for the native heap growth. Please use -XX:HeapBaseMinAddress
#     to set the Java Heap base and to place the Java Heap above 4GB virtual address.
# This output file may be truncated or incomplete.
#
#  Out of Memory Error (os_windows.cpp:3557), pid=23692, tid=20648
#
# JRE version: OpenJDK Runtime Environment Temurin-17.0.6+10 (17.0.6+10) (build 17.0.6+10)
# Java VM: OpenJDK 64-Bit Server VM Temurin-17.0.6+10 (17.0.6+10, mixed mode, tiered, compressed oops, compressed class ptrs, g1 gc, windows-amd64)
# No core dump will be written. Minidumps are not enabled by default on client versions of Windows
#

---------------  S U M M A R Y ------------

Command Line: -Dfile.encoding=UTF-8 -XX:+ShowCodeDetailsInExceptionMessages word.Main

Host: Intel(R) Core(TM) i5-9500 CPU @ 3.00GHz, 6 cores, 7G,  Windows 10 , 64 bit Build 19041 (10.0.19041.2546)
Time: Tue Apr 18 14:34:13 2023  Windows 10 , 64 bit Build 19041 (10.0.19041.2546) elapsed time: 11.859040 seconds (0d 0h 0m 11s)

---------------  T H R E A D  ---------------

Current thread (0x000002487e906a80):  VMThread "VM Thread" [stack: 0x000000df1fb00000,0x000000df1fc00000] [id=20648]

Stack: [0x000000df1fb00000,0x000000df1fc00000]
Native frames: (J=compiled Java code, j=interpreted, Vv=VM code, C=native code)
V  [jvm.dll+0x67741a]
V  [jvm.dll+0x834434]
V  [jvm.dll+0x835bde]
V  [jvm.dll+0x836243]
V  [jvm.dll+0x2457b5]
V  [jvm.dll+0x674329]
V  [jvm.dll+0x6689da]
V  [jvm.dll+0x30489b]
V  [jvm.dll+0x30bd96]
V  [jvm.dll+0x35b57e]
V  [jvm.dll+0x35b7af]
V  [jvm.dll+0x2db778]
V  [jvm.dll+0x2d9a2c]
V  [jvm.dll+0x2d8ffc]
V  [jvm.dll+0x31cdcb]
V  [jvm.dll+0x83a6eb]
V  [jvm.dll+0x83b424]
V  [jvm.dll+0x83b93c]
V  [jvm.dll+0x83bd14]
V  [jvm.dll+0x83bde0]
V  [jvm.dll+0x7e483a]
V  [jvm.dll+0x6762c5]
C  [ucrtbase.dll+0x21bb2]
C  [KERNEL32.DLL+0x17614]
C  [ntdll.dll+0x526a1]

VM_Operation (0x000000df20dfdbf0): G1CollectForAllocation, mode: safepoint, requested by thread 0x000002487fb3b5b0


---------------  P R O C E S S  ---------------

Threads class SMR info:
_java_thread_list=0x0000024805bdf920, length=18, elements={
0x000002487e8d4c20, 0x000002487e8d58e0, 0x000002487f433530, 0x000002487f433df0,
0x000002487f4346b0, 0x000002487f434f70, 0x000002487e9279c0, 0x000002487f457be0,
0x000002487f46acb0, 0x000002487f5b81a0, 0x000002487f5c1120, 0x000002487f88ee30,
0x000002487f88f4c0, 0x000002487f88fce0, 0x000002487fb3b5b0, 0x0000024804c3a6b0,
0x0000024804c38ea0, 0x000002487fb556d0
}

Java Threads: ( => current thread )
  0x000002487e8d4c20 JavaThread "Reference Handler" daemon [_thread_blocked, id=22588, stack(0x000000df1fc00000,0x000000df1fd00000)]
  0x000002487e8d58e0 JavaThread "Finalizer" daemon [_thread_blocked, id=20708, stack(0x000000df1fd00000,0x000000df1fe00000)]
  0x000002487f433530 JavaThread "Signal Dispatcher" daemon [_thread_blocked, id=27188, stack(0x000000df1fe00000,0x000000df1ff00000)]
  0x000002487f433df0 JavaThread "Attach Listener" daemon [_thread_blocked, id=6252, stack(0x000000df1ff00000,0x000000df20000000)]
  0x000002487f4346b0 JavaThread "Service Thread" daemon [_thread_blocked, id=27400, stack(0x000000df20000000,0x000000df20100000)]
  0x000002487f434f70 JavaThread "Monitor Deflation Thread" daemon [_thread_blocked, id=15336, stack(0x000000df20100000,0x000000df20200000)]
  0x000002487e9279c0 JavaThread "C2 CompilerThread0" daemon [_thread_blocked, id=23244, stack(0x000000df20200000,0x000000df20300000)]
  0x000002487f457be0 JavaThread "C1 CompilerThread0" daemon [_thread_blocked, id=18168, stack(0x000000df20300000,0x000000df20400000)]
  0x000002487f46acb0 JavaThread "Sweeper thread" daemon [_thread_blocked, id=20780, stack(0x000000df20400000,0x000000df20500000)]
  0x000002487f5b81a0 JavaThread "Notification Thread" daemon [_thread_blocked, id=23272, stack(0x000000df20500000,0x000000df20600000)]
  0x000002487f5c1120 JavaThread "Common-Cleaner" daemon [_thread_blocked, id=9832, stack(0x000000df20700000,0x000000df20800000)]
  0x000002487f88ee30 JavaThread "Java2D Disposer" daemon [_thread_blocked, id=25640, stack(0x000000df20800000,0x000000df20900000)]
  0x000002487f88f4c0 JavaThread "AWT-Shutdown" [_thread_blocked, id=22428, stack(0x000000df20900000,0x000000df20a00000)]
  0x000002487f88fce0 JavaThread "AWT-Windows" daemon [_thread_in_native, id=22380, stack(0x000000df20a00000,0x000000df20b00000)]
  0x000002487fb3b5b0 JavaThread "AWT-EventQueue-0" [_thread_blocked, id=20684, stack(0x000000df20d00000,0x000000df20e00000)]
  0x0000024804c3a6b0 JavaThread "DestroyJavaVM" [_thread_blocked, id=18848, stack(0x000000df1f500000,0x000000df1f600000)]
  0x0000024804c38ea0 JavaThread "TimerQueue" daemon [_thread_blocked, id=24632, stack(0x000000df20c00000,0x000000df20d00000)]
  0x000002487fb556d0 JavaThread "C2 CompilerThread1" daemon [_thread_blocked, id=11680, stack(0x000000df20b00000,0x000000df20c00000)]

Other Threads:
=>0x000002487e906a80 VMThread "VM Thread" [stack: 0x000000df1fb00000,0x000000df1fc00000] [id=20648]
  0x000002487f5b8e80 WatcherThread [stack: 0x000000df20600000,0x000000df20700000] [id=5100]
  0x0000024865076ce0 GCTaskThread "GC Thread#0" [stack: 0x000000df1f600000,0x000000df1f700000] [id=11708]
  0x000002487fc7a670 GCTaskThread "GC Thread#1" [stack: 0x000000df20e00000,0x000000df20f00000] [id=26952]
  0x000002487fd5a220 GCTaskThread "GC Thread#2" [stack: 0x000000df20f00000,0x000000df21000000] [id=4224]
  0x000002487fb4ca10 GCTaskThread "GC Thread#3" [stack: 0x000000df21000000,0x000000df21100000] [id=22956]
  0x000002487f985cb0 GCTaskThread "GC Thread#4" [stack: 0x000000df21100000,0x000000df21200000] [id=18028]
  0x000002487f985f60 GCTaskThread "GC Thread#5" [stack: 0x000000df21200000,0x000000df21300000] [id=1332]
  0x0000024865087890 ConcurrentGCThread "G1 Main Marker" [stack: 0x000000df1f700000,0x000000df1f800000] [id=24904]
  0x00000248650881b0 ConcurrentGCThread "G1 Conc#0" [stack: 0x000000df1f800000,0x000000df1f900000] [id=25176]
  0x0000024805b92840 ConcurrentGCThread "G1 Conc#1" [stack: 0x000000df21d00000,0x000000df21e00000] [id=3868]
  0x000002487e740490 ConcurrentGCThread "G1 Refine#0" [stack: 0x000000df1f900000,0x000000df1fa00000] [id=16436]
  0x000002487fc47040 ConcurrentGCThread "G1 Refine#1" [stack: 0x000000df21400000,0x000000df21500000] [id=19048]
  0x0000024804f8c970 ConcurrentGCThread "G1 Refine#2" [stack: 0x000000df21500000,0x000000df21600000] [id=21140]
  0x000002487fc41610 ConcurrentGCThread "G1 Refine#3" [stack: 0x000000df21600000,0x000000df21700000] [id=26968]
  0x0000024804f17bf0 ConcurrentGCThread "G1 Refine#4" [stack: 0x000000df21700000,0x000000df21800000] [id=25916]
  0x0000024804c7c030 ConcurrentGCThread "G1 Refine#5" [stack: 0x000000df21800000,0x000000df21900000] [id=17912]
  0x00000248650e6860 ConcurrentGCThread "G1 Service" [stack: 0x000000df1fa00000,0x000000df1fb00000] [id=15216]

Threads with active compile tasks:
C2 CompilerThread0    11911 2966       4       jxl.write.biff.SharedStrings::getIndex (65 bytes)
C2 CompilerThread1    11911 2974       4       java.lang.StringBuilder::append (6 bytes)

VM state: at safepoint (normal execution)

VM Mutex/Monitor currently owned by a thread:  ([mutex/lock_event])
[0x0000024865017600] Threads_lock - owner thread: 0x000002487e906a80
[0x00000248650182f0] Heap_lock - owner thread: 0x000002487fb3b5b0

Heap address: 0x0000000085200000, size: 1966 MB, Compressed Oops mode: 32-bit

CDS archive(s) not mapped
Compressed class space mapped at: 0x0000000100000000-0x0000000140000000, reserved size: 1073741824
Narrow klass base: 0x0000000000000000, Narrow klass shift: 3, Narrow klass range: 0x140000000

GC Precious Log:
 CPUs: 6 total, 6 available
 Memory: 7860M
 Large Page Support: Disabled
 NUMA Support: Disabled
 Compressed Oops: Enabled (32-bit)
 Heap Region Size: 1M
 Heap Min Capacity: 8M
 Heap Initial Capacity: 124M
 Heap Max Capacity: 1966M
 Pre-touch: Disabled
 Parallel Workers: 6
 Concurrent Workers: 2
 Concurrent Refinement Workers: 6
 Periodic GC: Disabled

Heap:
 garbage-first heap   total 424960K, used 278484K [0x0000000085200000, 0x0000000100000000)
  region size 1024K, 3 young (3072K), 3 survivors (3072K)
 Metaspace       used 18457K, committed 18624K, reserved 1073152K
  class space    used 1823K, committed 1920K, reserved 1048576K

Heap Regions: E=young(eden), S=young(survivor), O=old, HS=humongous(starts), HC=humongous(continues), CS=collection set, F=free, OA=open archive, CA=closed archive, TAMS=top-at-mark-start (previous, next)
|   0|0x0000000085200000, 0x0000000085300000, 0x0000000085300000|100%|HS|  |TAMS 0x0000000085300000, 0x0000000085300000| Complete 
|   1|0x0000000085300000, 0x0000000085400000, 0x0000000085400000|100%|HC|  |TAMS 0x0000000085400000, 0x0000000085400000| Complete 
|   2|0x0000000085400000, 0x0000000085500000, 0x0000000085500000|100%|HC|  |TAMS 0x0000000085500000, 0x0000000085500000| Complete 
|   3|0x0000000085500000, 0x0000000085600000, 0x0000000085600000|100%|HS|  |TAMS 0x0000000085600000, 0x0000000085600000| Complete 
|   4|0x0000000085600000, 0x0000000085700000, 0x0000000085700000|100%|HC|  |TAMS 0x0000000085700000, 0x0000000085700000| Complete 
|   5|0x0000000085700000, 0x0000000085800000, 0x0000000085800000|100%|HC|  |TAMS 0x0000000085800000, 0x0000000085800000| Complete 
|   6|0x0000000085800000, 0x0000000085900000, 0x0000000085900000|100%|HC|  |TAMS 0x0000000085900000, 0x0000000085900000| Complete 
|   7|0x0000000085900000, 0x00000000859fffd8, 0x0000000085a00000| 99%| O|  |TAMS 0x00000000859fffd8, 0x00000000859fffd8| Untracked 
|   8|0x0000000085a00000, 0x0000000085affff8, 0x0000000085b00000| 99%| O|  |TAMS 0x0000000085affff8, 0x0000000085affff8| Untracked 
|   9|0x0000000085b00000, 0x0000000085bffff0, 0x0000000085c00000| 99%| O|  |TAMS 0x0000000085bffff0, 0x0000000085bffff0| Untracked 
|  10|0x0000000085c00000, 0x0000000085cffff8, 0x0000000085d00000| 99%| O|  |TAMS 0x0000000085cffff8, 0x0000000085cffff8| Untracked 
|  11|0x0000000085d00000, 0x0000000085e00000, 0x0000000085e00000|100%| O|  |TAMS 0x0000000085e00000, 0x0000000085e00000| Untracked 
|  12|0x0000000085e00000, 0x0000000085f00000, 0x0000000085f00000|100%| O|  |TAMS 0x0000000085f00000, 0x0000000085f00000| Untracked 
|  13|0x0000000085f00000, 0x0000000085fffff0, 0x0000000086000000| 99%| O|  |TAMS 0x0000000085fffff0, 0x0000000085fffff0| Untracked 
|  14|0x0000000086000000, 0x00000000860ffe80, 0x0000000086100000| 99%| O|  |TAMS 0x00000000860ffe80, 0x00000000860ffe80| Untracked 
|  15|0x0000000086100000, 0x00000000861fffe8, 0x0000000086200000| 99%| O|  |TAMS 0x00000000861fffe8, 0x00000000861fffe8| Untracked 
|  16|0x0000000086200000, 0x00000000862ffff8, 0x0000000086300000| 99%| O|  |TAMS 0x00000000862ffff8, 0x00000000862ffff8| Untracked 
|  17|0x0000000086300000, 0x0000000086400000, 0x0000000086400000|100%| O|  |TAMS 0x0000000086400000, 0x0000000086400000| Untracked 
|  18|0x0000000086400000, 0x0000000086500000, 0x0000000086500000|100%| O|  |TAMS 0x0000000086500000, 0x0000000086500000| Untracked 
|  19|0x0000000086500000, 0x0000000086600000, 0x0000000086600000|100%| O|  |TAMS 0x0000000086600000, 0x0000000086600000| Untracked 
|  20|0x0000000086600000, 0x0000000086700000, 0x0000000086700000|100%| O|  |TAMS 0x0000000086700000, 0x0000000086700000| Untracked 
|  21|0x0000000086700000, 0x0000000086800000, 0x0000000086800000|100%|HS|  |TAMS 0x0000000086800000, 0x0000000086800000| Complete 
|  22|0x0000000086800000, 0x0000000086900000, 0x0000000086900000|100%|HC|  |TAMS 0x0000000086900000, 0x0000000086900000| Complete 
|  23|0x0000000086900000, 0x0000000086a00000, 0x0000000086a00000|100%|HC|  |TAMS 0x0000000086a00000, 0x0000000086a00000| Complete 
|  24|0x0000000086a00000, 0x0000000086b00000, 0x0000000086b00000|100%| O|  |TAMS 0x0000000086b00000, 0x0000000086b00000| Untracked 
|  25|0x0000000086b00000, 0x0000000086c00000, 0x0000000086c00000|100%| O|  |TAMS 0x0000000086c00000, 0x0000000086c00000| Untracked 
|  26|0x0000000086c00000, 0x0000000086d00000, 0x0000000086d00000|100%| O|  |TAMS 0x0000000086d00000, 0x0000000086d00000| Untracked 
|  27|0x0000000086d00000, 0x0000000086e00000, 0x0000000086e00000|100%| O|  |TAMS 0x0000000086e00000, 0x0000000086e00000| Untracked 
|  28|0x0000000086e00000, 0x0000000086efffe8, 0x0000000086f00000| 99%| O|  |TAMS 0x0000000086efffe8, 0x0000000086efffe8| Untracked 
|  29|0x0000000086f00000, 0x0000000086ffffe8, 0x0000000087000000| 99%| O|  |TAMS 0x0000000086ffffe8, 0x0000000086ffffe8| Untracked 
|  30|0x0000000087000000, 0x00000000870ffff8, 0x0000000087100000| 99%| O|  |TAMS 0x00000000870ffff8, 0x00000000870ffff8| Untracked 
|  31|0x0000000087100000, 0x0000000087200000, 0x0000000087200000|100%| O|  |TAMS 0x0000000087200000, 0x0000000087200000| Untracked 
|  32|0x0000000087200000, 0x00000000872ffff8, 0x0000000087300000| 99%| O|  |TAMS 0x00000000872ffff8, 0x00000000872ffff8| Untracked 
|  33|0x0000000087300000, 0x0000000087400000, 0x0000000087400000|100%| O|  |TAMS 0x0000000087400000, 0x0000000087400000| Untracked 
|  34|0x0000000087400000, 0x0000000087500000, 0x0000000087500000|100%| O|  |TAMS 0x0000000087500000, 0x0000000087500000| Untracked 
|  35|0x0000000087500000, 0x0000000087600000, 0x0000000087600000|100%| O|  |TAMS 0x0000000087600000, 0x0000000087600000| Untracked 
|  36|0x0000000087600000, 0x0000000087700000, 0x0000000087700000|100%| O|  |TAMS 0x0000000087700000, 0x0000000087700000| Untracked 
|  37|0x0000000087700000, 0x0000000087800000, 0x0000000087800000|100%| O|  |TAMS 0x0000000087800000, 0x0000000087800000| Untracked 
|  38|0x0000000087800000, 0x0000000087900000, 0x0000000087900000|100%| O|  |TAMS 0x0000000087900000, 0x0000000087900000| Untracked 
|  39|0x0000000087900000, 0x0000000087a00000, 0x0000000087a00000|100%| O|  |TAMS 0x0000000087a00000, 0x0000000087a00000| Untracked 
|  40|0x0000000087a00000, 0x0000000087b00000, 0x0000000087b00000|100%| O|  |TAMS 0x0000000087b00000, 0x0000000087b00000| Untracked 
|  41|0x0000000087b00000, 0x0000000087c00000, 0x0000000087c00000|100%| O|  |TAMS 0x0000000087c00000, 0x0000000087c00000| Untracked 
|  42|0x0000000087c00000, 0x0000000087d00000, 0x0000000087d00000|100%| O|  |TAMS 0x0000000087d00000, 0x0000000087d00000| Untracked 
|  43|0x0000000087d00000, 0x0000000087e00000, 0x0000000087e00000|100%| O|  |TAMS 0x0000000087e00000, 0x0000000087e00000| Untracked 
|  44|0x0000000087e00000, 0x0000000087f00000, 0x0000000087f00000|100%| O|  |TAMS 0x0000000087f00000, 0x0000000087f00000| Untracked 
|  45|0x0000000087f00000, 0x0000000088000000, 0x0000000088000000|100%| O|  |TAMS 0x0000000088000000, 0x0000000088000000| Untracked 
|  46|0x0000000088000000, 0x00000000880fffe8, 0x0000000088100000| 99%| O|  |TAMS 0x00000000880fffe8, 0x00000000880fffe8| Untracked 
|  47|0x0000000088100000, 0x00000000881ffff0, 0x0000000088200000| 99%| O|  |TAMS 0x00000000881ffff0, 0x00000000881ffff0| Untracked 
|  48|0x0000000088200000, 0x0000000088300000, 0x0000000088300000|100%| O|  |TAMS 0x0000000088300000, 0x0000000088300000| Untracked 
|  49|0x0000000088300000, 0x0000000088400000, 0x0000000088400000|100%| O|  |TAMS 0x0000000088400000, 0x0000000088400000| Untracked 
|  50|0x0000000088400000, 0x0000000088500000, 0x0000000088500000|100%| O|  |TAMS 0x0000000088500000, 0x0000000088500000| Untracked 
|  51|0x0000000088500000, 0x0000000088600000, 0x0000000088600000|100%| O|  |TAMS 0x0000000088600000, 0x0000000088600000| Untracked 
|  52|0x0000000088600000, 0x0000000088700000, 0x0000000088700000|100%| O|  |TAMS 0x0000000088700000, 0x0000000088700000| Untracked 
|  53|0x0000000088700000, 0x0000000088800000, 0x0000000088800000|100%| O|  |TAMS 0x0000000088800000, 0x0000000088800000| Untracked 
|  54|0x0000000088800000, 0x0000000088900000, 0x0000000088900000|100%| O|  |TAMS 0x0000000088900000, 0x0000000088900000| Untracked 
|  55|0x0000000088900000, 0x0000000088a00000, 0x0000000088a00000|100%| O|  |TAMS 0x0000000088a00000, 0x0000000088a00000| Untracked 
|  56|0x0000000088a00000, 0x0000000088affeb8, 0x0000000088b00000| 99%| O|  |TAMS 0x0000000088affeb8, 0x0000000088affeb8| Untracked 
|  57|0x0000000088b00000, 0x0000000088c00000, 0x0000000088c00000|100%| O|  |TAMS 0x0000000088c00000, 0x0000000088c00000| Untracked 
|  58|0x0000000088c00000, 0x0000000088d00000, 0x0000000088d00000|100%| O|  |TAMS 0x0000000088d00000, 0x0000000088d00000| Untracked 
|  59|0x0000000088d00000, 0x0000000088e00000, 0x0000000088e00000|100%| O|  |TAMS 0x0000000088e00000, 0x0000000088e00000| Untracked 
|  60|0x0000000088e00000, 0x0000000088f00000, 0x0000000088f00000|100%| O|  |TAMS 0x0000000088f00000, 0x0000000088f00000| Untracked 
|  61|0x0000000088f00000, 0x0000000089000000, 0x0000000089000000|100%| O|  |TAMS 0x0000000089000000, 0x0000000089000000| Untracked 
|  62|0x0000000089000000, 0x0000000089100000, 0x0000000089100000|100%| O|  |TAMS 0x0000000089100000, 0x0000000089100000| Untracked 
|  63|0x0000000089100000, 0x0000000089200000, 0x0000000089200000|100%| O|  |TAMS 0x0000000089200000, 0x0000000089200000| Untracked 
|  64|0x0000000089200000, 0x0000000089300000, 0x0000000089300000|100%| O|  |TAMS 0x0000000089300000, 0x0000000089300000| Untracked 
|  65|0x0000000089300000, 0x0000000089400000, 0x0000000089400000|100%| O|  |TAMS 0x0000000089400000, 0x0000000089400000| Untracked 
|  66|0x0000000089400000, 0x0000000089500000, 0x0000000089500000|100%| O|  |TAMS 0x0000000089500000, 0x0000000089500000| Untracked 
|  67|0x0000000089500000, 0x0000000089600000, 0x0000000089600000|100%| O|  |TAMS 0x0000000089600000, 0x0000000089600000| Untracked 
|  68|0x0000000089600000, 0x0000000089700000, 0x0000000089700000|100%| O|  |TAMS 0x0000000089700000, 0x0000000089700000| Untracked 
|  69|0x0000000089700000, 0x0000000089800000, 0x0000000089800000|100%| O|  |TAMS 0x0000000089800000, 0x0000000089800000| Untracked 
|  70|0x0000000089800000, 0x00000000898ffff8, 0x0000000089900000| 99%| O|  |TAMS 0x00000000898ffff8, 0x00000000898ffff8| Untracked 
|  71|0x0000000089900000, 0x00000000899ffff8, 0x0000000089a00000| 99%| O|  |TAMS 0x00000000899ffff8, 0x00000000899ffff8| Untracked 
|  72|0x0000000089a00000, 0x0000000089afffe8, 0x0000000089b00000| 99%| O|  |TAMS 0x0000000089afffe8, 0x0000000089afffe8| Untracked 
|  73|0x0000000089b00000, 0x0000000089c00000, 0x0000000089c00000|100%| O|  |TAMS 0x0000000089c00000, 0x0000000089c00000| Untracked 
|  74|0x0000000089c00000, 0x0000000089d00000, 0x0000000089d00000|100%| O|  |TAMS 0x0000000089d00000, 0x0000000089d00000| Untracked 
|  75|0x0000000089d00000, 0x0000000089e00000, 0x0000000089e00000|100%| O|  |TAMS 0x0000000089e00000, 0x0000000089e00000| Untracked 
|  76|0x0000000089e00000, 0x0000000089f00000, 0x0000000089f00000|100%| O|  |TAMS 0x0000000089f00000, 0x0000000089f00000| Untracked 
|  77|0x0000000089f00000, 0x000000008a000000, 0x000000008a000000|100%| O|  |TAMS 0x000000008a000000, 0x000000008a000000| Untracked 
|  78|0x000000008a000000, 0x000000008a100000, 0x000000008a100000|100%| O|  |TAMS 0x000000008a100000, 0x000000008a100000| Untracked 
|  79|0x000000008a100000, 0x000000008a200000, 0x000000008a200000|100%| O|  |TAMS 0x000000008a200000, 0x000000008a200000| Untracked 
|  80|0x000000008a200000, 0x000000008a300000, 0x000000008a300000|100%| O|  |TAMS 0x000000008a300000, 0x000000008a300000| Untracked 
|  81|0x000000008a300000, 0x000000008a400000, 0x000000008a400000|100%| O|  |TAMS 0x000000008a400000, 0x000000008a400000| Untracked 
|  82|0x000000008a400000, 0x000000008a500000, 0x000000008a500000|100%| O|  |TAMS 0x000000008a500000, 0x000000008a500000| Untracked 
|  83|0x000000008a500000, 0x000000008a600000, 0x000000008a600000|100%| O|  |TAMS 0x000000008a600000, 0x000000008a600000| Untracked 
|  84|0x000000008a600000, 0x000000008a700000, 0x000000008a700000|100%| O|  |TAMS 0x000000008a700000, 0x000000008a700000| Untracked 
|  85|0x000000008a700000, 0x000000008a800000, 0x000000008a800000|100%| O|  |TAMS 0x000000008a800000, 0x000000008a800000| Untracked 
|  86|0x000000008a800000, 0x000000008a900000, 0x000000008a900000|100%| O|  |TAMS 0x000000008a900000, 0x000000008a900000| Untracked 
|  87|0x000000008a900000, 0x000000008aa00000, 0x000000008aa00000|100%| O|  |TAMS 0x000000008aa00000, 0x000000008aa00000| Untracked 
|  88|0x000000008aa00000, 0x000000008ab00000, 0x000000008ab00000|100%| O|  |TAMS 0x000000008ab00000, 0x000000008ab00000| Untracked 
|  89|0x000000008ab00000, 0x000000008ac00000, 0x000000008ac00000|100%| O|  |TAMS 0x000000008ac00000, 0x000000008ac00000| Untracked 
|  90|0x000000008ac00000, 0x000000008ad00000, 0x000000008ad00000|100%| O|  |TAMS 0x000000008ad00000, 0x000000008ad00000| Untracked 
|  91|0x000000008ad00000, 0x000000008adfffe8, 0x000000008ae00000| 99%| O|  |TAMS 0x000000008adfffe8, 0x000000008adfffe8| Untracked 
|  92|0x000000008ae00000, 0x000000008aeffff8, 0x000000008af00000| 99%| O|  |TAMS 0x000000008aeffff8, 0x000000008aeffff8| Untracked 
|  93|0x000000008af00000, 0x000000008b000000, 0x000000008b000000|100%| O|  |TAMS 0x000000008b000000, 0x000000008b000000| Untracked 
|  94|0x000000008b000000, 0x000000008b100000, 0x000000008b100000|100%| O|  |TAMS 0x000000008b100000, 0x000000008b100000| Untracked 
|  95|0x000000008b100000, 0x000000008b200000, 0x000000008b200000|100%| O|  |TAMS 0x000000008b200000, 0x000000008b200000| Untracked 
|  96|0x000000008b200000, 0x000000008b300000, 0x000000008b300000|100%| O|  |TAMS 0x000000008b300000, 0x000000008b300000| Untracked 
|  97|0x000000008b300000, 0x000000008b400000, 0x000000008b400000|100%| O|  |TAMS 0x000000008b400000, 0x000000008b400000| Untracked 
|  98|0x000000008b400000, 0x000000008b500000, 0x000000008b500000|100%| O|  |TAMS 0x000000008b500000, 0x000000008b500000| Untracked 
|  99|0x000000008b500000, 0x000000008b600000, 0x000000008b600000|100%| O|  |TAMS 0x000000008b600000, 0x000000008b600000| Untracked 
| 100|0x000000008b600000, 0x000000008b700000, 0x000000008b700000|100%| O|  |TAMS 0x000000008b700000, 0x000000008b700000| Untracked 
| 101|0x000000008b700000, 0x000000008b800000, 0x000000008b800000|100%| O|  |TAMS 0x000000008b800000, 0x000000008b800000| Untracked 
| 102|0x000000008b800000, 0x000000008b900000, 0x000000008b900000|100%| O|  |TAMS 0x000000008b900000, 0x000000008b900000| Untracked 
| 103|0x000000008b900000, 0x000000008ba00000, 0x000000008ba00000|100%| O|  |TAMS 0x000000008ba00000, 0x000000008ba00000| Untracked 
| 104|0x000000008ba00000, 0x000000008bb00000, 0x000000008bb00000|100%| O|  |TAMS 0x000000008bb00000, 0x000000008bb00000| Untracked 
| 105|0x000000008bb00000, 0x000000008bc00000, 0x000000008bc00000|100%| O|  |TAMS 0x000000008bc00000, 0x000000008bc00000| Untracked 
| 106|0x000000008bc00000, 0x000000008bd00000, 0x000000008bd00000|100%| O|  |TAMS 0x000000008bd00000, 0x000000008bd00000| Untracked 
| 107|0x000000008bd00000, 0x000000008be00000, 0x000000008be00000|100%| O|  |TAMS 0x000000008be00000, 0x000000008be00000| Untracked 
| 108|0x000000008be00000, 0x000000008bf00000, 0x000000008bf00000|100%| O|  |TAMS 0x000000008bf00000, 0x000000008bf00000| Untracked 
| 109|0x000000008bf00000, 0x000000008c000000, 0x000000008c000000|100%| O|  |TAMS 0x000000008c000000, 0x000000008c000000| Untracked 
| 110|0x000000008c000000, 0x000000008c100000, 0x000000008c100000|100%| O|  |TAMS 0x000000008c100000, 0x000000008c100000| Untracked 
| 111|0x000000008c100000, 0x000000008c1fffd8, 0x000000008c200000| 99%| O|  |TAMS 0x000000008c1fffd8, 0x000000008c1fffd8| Untracked 
| 112|0x000000008c200000, 0x000000008c300000, 0x000000008c300000|100%| O|  |TAMS 0x000000008c300000, 0x000000008c300000| Untracked 
| 113|0x000000008c300000, 0x000000008c3fffe8, 0x000000008c400000| 99%| O|  |TAMS 0x000000008c3fffe8, 0x000000008c3fffe8| Untracked 
| 114|0x000000008c400000, 0x000000008c4fffc8, 0x000000008c500000| 99%| O|  |TAMS 0x000000008c4fffc8, 0x000000008c4fffc8| Untracked 
| 115|0x000000008c500000, 0x000000008c592050, 0x000000008c600000| 57%| O|  |TAMS 0x000000008c592050, 0x000000008c592050| Untracked 
| 116|0x000000008c600000, 0x000000008c700000, 0x000000008c700000|100%| O|  |TAMS 0x000000008c700000, 0x000000008c700000| Untracked 
| 117|0x000000008c700000, 0x000000008c800000, 0x000000008c800000|100%| O|  |TAMS 0x000000008c800000, 0x000000008c800000| Untracked 
| 118|0x000000008c800000, 0x000000008c900000, 0x000000008c900000|100%| O|  |TAMS 0x000000008c900000, 0x000000008c900000| Untracked 
| 119|0x000000008c900000, 0x000000008ca00000, 0x000000008ca00000|100%| O|  |TAMS 0x000000008ca00000, 0x000000008ca00000| Untracked 
| 120|0x000000008ca00000, 0x000000008cb00000, 0x000000008cb00000|100%|HS|  |TAMS 0x000000008cb00000, 0x000000008cb00000| Complete 
| 121|0x000000008cb00000, 0x000000008cc00000, 0x000000008cc00000|100%|HC|  |TAMS 0x000000008cc00000, 0x000000008cc00000| Complete 
| 122|0x000000008cc00000, 0x000000008cd00000, 0x000000008cd00000|100%| O|  |TAMS 0x000000008cd00000, 0x000000008cd00000| Untracked 
| 123|0x000000008cd00000, 0x000000008ce00000, 0x000000008ce00000|100%| O|  |TAMS 0x000000008ce00000, 0x000000008ce00000| Untracked 
| 124|0x000000008ce00000, 0x000000008cf00000, 0x000000008cf00000|100%| O|  |TAMS 0x000000008cf00000, 0x000000008cf00000| Untracked 
| 125|0x000000008cf00000, 0x000000008d000000, 0x000000008d000000|100%| O|  |TAMS 0x000000008d000000, 0x000000008d000000| Untracked 
| 126|0x000000008d000000, 0x000000008d100000, 0x000000008d100000|100%| O|  |TAMS 0x000000008d100000, 0x000000008d100000| Untracked 
| 127|0x000000008d100000, 0x000000008d200000, 0x000000008d200000|100%| O|  |TAMS 0x000000008d200000, 0x000000008d200000| Untracked 
| 128|0x000000008d200000, 0x000000008d300000, 0x000000008d300000|100%| O|  |TAMS 0x000000008d300000, 0x000000008d300000| Untracked 
| 129|0x000000008d300000, 0x000000008d400000, 0x000000008d400000|100%| O|  |TAMS 0x000000008d400000, 0x000000008d400000| Untracked 
| 130|0x000000008d400000, 0x000000008d500000, 0x000000008d500000|100%| O|  |TAMS 0x000000008d500000, 0x000000008d500000| Untracked 
| 131|0x000000008d500000, 0x000000008d600000, 0x000000008d600000|100%| O|  |TAMS 0x000000008d600000, 0x000000008d600000| Untracked 
| 132|0x000000008d600000, 0x000000008d6ffff0, 0x000000008d700000| 99%| O|  |TAMS 0x000000008d6ffff0, 0x000000008d6ffff0| Untracked 
| 133|0x000000008d700000, 0x000000008d800000, 0x000000008d800000|100%| O|  |TAMS 0x000000008d800000, 0x000000008d800000| Untracked 
| 134|0x000000008d800000, 0x000000008d900000, 0x000000008d900000|100%| O|  |TAMS 0x000000008d900000, 0x000000008d900000| Untracked 
| 135|0x000000008d900000, 0x000000008d98f4b8, 0x000000008da00000| 55%| O|  |TAMS 0x000000008d98f4b8, 0x000000008d98f4b8| Untracked 
| 136|0x000000008da00000, 0x000000008db00000, 0x000000008db00000|100%| O|  |TAMS 0x000000008db00000, 0x000000008db00000| Untracked 
| 137|0x000000008db00000, 0x000000008dc00000, 0x000000008dc00000|100%| O|  |TAMS 0x000000008dc00000, 0x000000008dc00000| Untracked 
| 138|0x000000008dc00000, 0x000000008dd00000, 0x000000008dd00000|100%| O|  |TAMS 0x000000008dd00000, 0x000000008dd00000| Untracked 
| 139|0x000000008dd00000, 0x000000008de00000, 0x000000008de00000|100%| O|  |TAMS 0x000000008de00000, 0x000000008de00000| Untracked 
| 140|0x000000008de00000, 0x000000008df00000, 0x000000008df00000|100%| O|  |TAMS 0x000000008df00000, 0x000000008df00000| Untracked 
| 141|0x000000008df00000, 0x000000008e000000, 0x000000008e000000|100%| O|  |TAMS 0x000000008e000000, 0x000000008e000000| Untracked 
| 142|0x000000008e000000, 0x000000008e100000, 0x000000008e100000|100%| O|  |TAMS 0x000000008e100000, 0x000000008e100000| Untracked 
| 143|0x000000008e100000, 0x000000008e200000, 0x000000008e200000|100%| O|  |TAMS 0x000000008e200000, 0x000000008e200000| Untracked 
| 144|0x000000008e200000, 0x000000008e300000, 0x000000008e300000|100%| O|  |TAMS 0x000000008e300000, 0x000000008e300000| Untracked 
| 145|0x000000008e300000, 0x000000008e400000, 0x000000008e400000|100%| O|  |TAMS 0x000000008e400000, 0x000000008e400000| Untracked 
| 146|0x000000008e400000, 0x000000008e500000, 0x000000008e500000|100%| O|  |TAMS 0x000000008e500000, 0x000000008e500000| Untracked 
| 147|0x000000008e500000, 0x000000008e600000, 0x000000008e600000|100%| O|  |TAMS 0x000000008e500000, 0x000000008e600000| Untracked 
| 148|0x000000008e600000, 0x000000008e700000, 0x000000008e700000|100%| O|  |TAMS 0x000000008e600000, 0x000000008e700000| Untracked 
| 149|0x000000008e700000, 0x000000008e800000, 0x000000008e800000|100%| O|  |TAMS 0x000000008e700000, 0x000000008e800000| Untracked 
| 150|0x000000008e800000, 0x000000008e900000, 0x000000008e900000|100%| O|  |TAMS 0x000000008e800000, 0x000000008e900000| Untracked 
| 151|0x000000008e900000, 0x000000008ea00000, 0x000000008ea00000|100%| O|  |TAMS 0x000000008e900000, 0x000000008ea00000| Untracked 
| 152|0x000000008ea00000, 0x000000008eb00000, 0x000000008eb00000|100%| O|  |TAMS 0x000000008ea00000, 0x000000008eb00000| Untracked 
| 153|0x000000008eb00000, 0x000000008ec00000, 0x000000008ec00000|100%| O|  |TAMS 0x000000008eb00000, 0x000000008ec00000| Untracked 
| 154|0x000000008ec00000, 0x000000008ed00000, 0x000000008ed00000|100%| O|  |TAMS 0x000000008ec00000, 0x000000008ed00000| Untracked 
| 155|0x000000008ed00000, 0x000000008ee00000, 0x000000008ee00000|100%| O|  |TAMS 0x000000008ed00000, 0x000000008ee00000| Untracked 
| 156|0x000000008ee00000, 0x000000008ef00000, 0x000000008ef00000|100%| O|  |TAMS 0x000000008ee00000, 0x000000008ef00000| Untracked 
| 157|0x000000008ef00000, 0x000000008f000000, 0x000000008f000000|100%| O|  |TAMS 0x000000008ef00000, 0x000000008f000000| Untracked 
| 158|0x000000008f000000, 0x000000008f100000, 0x000000008f100000|100%| O|  |TAMS 0x000000008f000000, 0x000000008f100000| Untracked 
| 159|0x000000008f100000, 0x000000008f200000, 0x000000008f200000|100%| O|  |TAMS 0x000000008f100000, 0x000000008f200000| Untracked 
| 160|0x000000008f200000, 0x000000008f300000, 0x000000008f300000|100%| O|  |TAMS 0x000000008f200000, 0x000000008f300000| Untracked 
| 161|0x000000008f300000, 0x000000008f400000, 0x000000008f400000|100%| O|  |TAMS 0x000000008f400000, 0x000000008f400000| Untracked 
| 162|0x000000008f400000, 0x000000008f4ffed8, 0x000000008f500000| 99%| O|  |TAMS 0x000000008f4ffed8, 0x000000008f4ffed8| Untracked 
| 163|0x000000008f500000, 0x000000008f5fffb0, 0x000000008f600000| 99%| O|  |TAMS 0x000000008f5fffb0, 0x000000008f5fffb0| Untracked 
| 164|0x000000008f600000, 0x000000008f6ffff0, 0x000000008f700000| 99%| O|  |TAMS 0x000000008f6ffff0, 0x000000008f6ffff0| Untracked 
| 165|0x000000008f700000, 0x000000008f800000, 0x000000008f800000|100%| O|  |TAMS 0x000000008f800000, 0x000000008f800000| Untracked 
| 166|0x000000008f800000, 0x000000008f900000, 0x000000008f900000|100%| O|  |TAMS 0x000000008f800000, 0x000000008f900000| Untracked 
| 167|0x000000008f900000, 0x000000008fa00000, 0x000000008fa00000|100%| O|  |TAMS 0x000000008fa00000, 0x000000008fa00000| Untracked 
| 168|0x000000008fa00000, 0x000000008fb00000, 0x000000008fb00000|100%| O|  |TAMS 0x000000008fb00000, 0x000000008fb00000| Untracked 
| 169|0x000000008fb00000, 0x000000008fc00000, 0x000000008fc00000|100%| O|  |TAMS 0x000000008fc00000, 0x000000008fc00000| Untracked 
| 170|0x000000008fc00000, 0x000000008fd00000, 0x000000008fd00000|100%| O|  |TAMS 0x000000008fd00000, 0x000000008fd00000| Untracked 
| 171|0x000000008fd00000, 0x000000008fe00000, 0x000000008fe00000|100%| O|  |TAMS 0x000000008fd00000, 0x000000008fe00000| Untracked 
| 172|0x000000008fe00000, 0x000000008fefffb8, 0x000000008ff00000| 99%| O|  |TAMS 0x000000008fefffb8, 0x000000008fefffb8| Untracked 
| 173|0x000000008ff00000, 0x000000008fffffe8, 0x0000000090000000| 99%| O|  |TAMS 0x000000008fffffe8, 0x000000008fffffe8| Untracked 
| 174|0x0000000090000000, 0x00000000900fffe0, 0x0000000090100000| 99%| O|  |TAMS 0x00000000900fffe0, 0x00000000900fffe0| Untracked 
| 175|0x0000000090100000, 0x0000000090179010, 0x0000000090200000| 47%| O|  |TAMS 0x0000000090179010, 0x0000000090179010| Untracked 
| 176|0x0000000090200000, 0x0000000090300000, 0x0000000090300000|100%| O|  |TAMS 0x0000000090200000, 0x0000000090300000| Untracked 
| 177|0x0000000090300000, 0x0000000090400000, 0x0000000090400000|100%| O|  |TAMS 0x0000000090300000, 0x0000000090400000| Untracked 
| 178|0x0000000090400000, 0x0000000090500000, 0x0000000090500000|100%| O|  |TAMS 0x0000000090400000, 0x0000000090500000| Untracked 
| 179|0x0000000090500000, 0x0000000090600000, 0x0000000090600000|100%| O|  |TAMS 0x0000000090500000, 0x0000000090600000| Untracked 
| 180|0x0000000090600000, 0x0000000090700000, 0x0000000090700000|100%| O|  |TAMS 0x0000000090600000, 0x0000000090700000| Untracked 
| 181|0x0000000090700000, 0x0000000090800000, 0x0000000090800000|100%| O|  |TAMS 0x0000000090700000, 0x0000000090800000| Untracked 
| 182|0x0000000090800000, 0x0000000090900000, 0x0000000090900000|100%| O|  |TAMS 0x0000000090800000, 0x0000000090900000| Untracked 
| 183|0x0000000090900000, 0x0000000090a00000, 0x0000000090a00000|100%| O|  |TAMS 0x0000000090900000, 0x0000000090a00000| Untracked 
| 184|0x0000000090a00000, 0x0000000090b00000, 0x0000000090b00000|100%| O|  |TAMS 0x0000000090a00000, 0x0000000090b00000| Untracked 
| 185|0x0000000090b00000, 0x0000000090c00000, 0x0000000090c00000|100%| O|  |TAMS 0x0000000090b00000, 0x0000000090c00000| Untracked 
| 186|0x0000000090c00000, 0x0000000090d00000, 0x0000000090d00000|100%| O|  |TAMS 0x0000000090c00000, 0x0000000090d00000| Untracked 
| 187|0x0000000090d00000, 0x0000000090e00000, 0x0000000090e00000|100%| O|  |TAMS 0x0000000090d00000, 0x0000000090e00000| Untracked 
| 188|0x0000000090e00000, 0x0000000090f00000, 0x0000000090f00000|100%| O|  |TAMS 0x0000000090e00000, 0x0000000090f00000| Untracked 
| 189|0x0000000090f00000, 0x0000000091000000, 0x0000000091000000|100%| O|  |TAMS 0x0000000090f00000, 0x0000000091000000| Untracked 
| 190|0x0000000091000000, 0x0000000091100000, 0x0000000091100000|100%| O|  |TAMS 0x0000000091000000, 0x0000000091100000| Untracked 
| 191|0x0000000091100000, 0x0000000091200000, 0x0000000091200000|100%| O|  |TAMS 0x0000000091100000, 0x0000000091200000| Untracked 
| 192|0x0000000091200000, 0x0000000091300000, 0x0000000091300000|100%| O|  |TAMS 0x0000000091200000, 0x0000000091300000| Untracked 
| 193|0x0000000091300000, 0x0000000091400000, 0x0000000091400000|100%| O|  |TAMS 0x0000000091300000, 0x0000000091400000| Untracked 
| 194|0x0000000091400000, 0x0000000091500000, 0x0000000091500000|100%| O|  |TAMS 0x0000000091400000, 0x0000000091500000| Untracked 
| 195|0x0000000091500000, 0x0000000091600000, 0x0000000091600000|100%| O|  |TAMS 0x0000000091500000, 0x0000000091600000| Untracked 
| 196|0x0000000091600000, 0x0000000091700000, 0x0000000091700000|100%| O|  |TAMS 0x0000000091600000, 0x0000000091700000| Untracked 
| 197|0x0000000091700000, 0x0000000091800000, 0x0000000091800000|100%| O|  |TAMS 0x0000000091700000, 0x0000000091800000| Untracked 
| 198|0x0000000091800000, 0x0000000091900000, 0x0000000091900000|100%| O|  |TAMS 0x0000000091800000, 0x0000000091900000| Untracked 
| 199|0x0000000091900000, 0x0000000091a00000, 0x0000000091a00000|100%| O|  |TAMS 0x0000000091900000, 0x0000000091a00000| Untracked 
| 200|0x0000000091a00000, 0x0000000091b00000, 0x0000000091b00000|100%| O|  |TAMS 0x0000000091a00000, 0x0000000091b00000| Untracked 
| 201|0x0000000091b00000, 0x0000000091c00000, 0x0000000091c00000|100%| O|  |TAMS 0x0000000091b00000, 0x0000000091c00000| Untracked 
| 202|0x0000000091c00000, 0x0000000091d00000, 0x0000000091d00000|100%| O|  |TAMS 0x0000000091c00000, 0x0000000091d00000| Untracked 
| 203|0x0000000091d00000, 0x0000000091e00000, 0x0000000091e00000|100%| O|  |TAMS 0x0000000091d00000, 0x0000000091e00000| Untracked 
| 204|0x0000000091e00000, 0x0000000091f00000, 0x0000000091f00000|100%| O|  |TAMS 0x0000000091e00000, 0x0000000091f00000| Untracked 
| 205|0x0000000091f00000, 0x0000000092000000, 0x0000000092000000|100%| O|  |TAMS 0x0000000091f00000, 0x0000000092000000| Untracked 
| 206|0x0000000092000000, 0x0000000092100000, 0x0000000092100000|100%| O|  |TAMS 0x0000000092000000, 0x0000000092100000| Untracked 
| 207|0x0000000092100000, 0x0000000092200000, 0x0000000092200000|100%| O|  |TAMS 0x0000000092100000, 0x0000000092200000| Untracked 
| 208|0x0000000092200000, 0x0000000092300000, 0x0000000092300000|100%| O|  |TAMS 0x0000000092200000, 0x0000000092300000| Untracked 
| 209|0x0000000092300000, 0x0000000092400000, 0x0000000092400000|100%| O|  |TAMS 0x0000000092300000, 0x0000000092400000| Untracked 
| 210|0x0000000092400000, 0x0000000092500000, 0x0000000092500000|100%| O|  |TAMS 0x0000000092400000, 0x0000000092500000| Untracked 
| 211|0x0000000092500000, 0x0000000092600000, 0x0000000092600000|100%| O|  |TAMS 0x0000000092500000, 0x0000000092600000| Untracked 
| 212|0x0000000092600000, 0x0000000092700000, 0x0000000092700000|100%| O|  |TAMS 0x0000000092600000, 0x0000000092700000| Untracked 
| 213|0x0000000092700000, 0x0000000092800000, 0x0000000092800000|100%| O|  |TAMS 0x0000000092700000, 0x0000000092800000| Untracked 
| 214|0x0000000092800000, 0x0000000092900000, 0x0000000092900000|100%| O|  |TAMS 0x0000000092800000, 0x0000000092900000| Untracked 
| 215|0x0000000092900000, 0x0000000092a00000, 0x0000000092a00000|100%| O|  |TAMS 0x0000000092900000, 0x0000000092a00000| Untracked 
| 216|0x0000000092a00000, 0x0000000092b00000, 0x0000000092b00000|100%| O|  |TAMS 0x0000000092a00000, 0x0000000092a80000| Untracked 
| 217|0x0000000092b00000, 0x0000000092c00000, 0x0000000092c00000|100%| O|  |TAMS 0x0000000092b00000, 0x0000000092b00000| Untracked 
| 218|0x0000000092c00000, 0x0000000092d00000, 0x0000000092d00000|100%| O|  |TAMS 0x0000000092c00000, 0x0000000092c00000| Untracked 
| 219|0x0000000092d00000, 0x0000000092e00000, 0x0000000092e00000|100%| O|  |TAMS 0x0000000092d00000, 0x0000000092d00000| Untracked 
| 220|0x0000000092e00000, 0x0000000092f00000, 0x0000000092f00000|100%| O|  |TAMS 0x0000000092e00000, 0x0000000092e00000| Untracked 
| 221|0x0000000092f00000, 0x0000000093000000, 0x0000000093000000|100%| O|  |TAMS 0x0000000092f00000, 0x0000000092f00000| Untracked 
| 222|0x0000000093000000, 0x0000000093100000, 0x0000000093100000|100%| O|  |TAMS 0x0000000093000000, 0x0000000093000000| Untracked 
| 223|0x0000000093100000, 0x0000000093200000, 0x0000000093200000|100%| O|  |TAMS 0x0000000093100000, 0x0000000093100000| Untracked 
| 224|0x0000000093200000, 0x0000000093300000, 0x0000000093300000|100%| O|  |TAMS 0x0000000093200000, 0x0000000093200000| Untracked 
| 225|0x0000000093300000, 0x0000000093400000, 0x0000000093400000|100%| O|  |TAMS 0x0000000093300000, 0x0000000093300000| Untracked 
| 226|0x0000000093400000, 0x0000000093500000, 0x0000000093500000|100%| O|  |TAMS 0x0000000093400000, 0x0000000093400000| Untracked 
| 227|0x0000000093500000, 0x0000000093600000, 0x0000000093600000|100%| O|  |TAMS 0x0000000093500000, 0x0000000093500000| Untracked 
| 228|0x0000000093600000, 0x0000000093700000, 0x0000000093700000|100%| O|  |TAMS 0x0000000093600000, 0x0000000093600000| Untracked 
| 229|0x0000000093700000, 0x0000000093800000, 0x0000000093800000|100%| O|  |TAMS 0x0000000093700000, 0x0000000093700000| Untracked 
| 230|0x0000000093800000, 0x0000000093900000, 0x0000000093900000|100%| O|  |TAMS 0x0000000093800000, 0x0000000093800000| Untracked 
| 231|0x0000000093900000, 0x0000000093a00000, 0x0000000093a00000|100%| O|  |TAMS 0x0000000093900000, 0x0000000093900000| Untracked 
| 232|0x0000000093a00000, 0x0000000093b00000, 0x0000000093b00000|100%| O|  |TAMS 0x0000000093a00000, 0x0000000093a00000| Untracked 
| 233|0x0000000093b00000, 0x0000000093c00000, 0x0000000093c00000|100%| O|  |TAMS 0x0000000093b00000, 0x0000000093b00000| Untracked 
| 234|0x0000000093c00000, 0x0000000093d00000, 0x0000000093d00000|100%| O|  |TAMS 0x0000000093c00000, 0x0000000093c00000| Untracked 
| 235|0x0000000093d00000, 0x0000000093e00000, 0x0000000093e00000|100%| O|  |TAMS 0x0000000093d00000, 0x0000000093d00000| Untracked 
| 236|0x0000000093e00000, 0x0000000093f00000, 0x0000000093f00000|100%| O|  |TAMS 0x0000000093e00000, 0x0000000093e00000| Untracked 
| 237|0x0000000093f00000, 0x0000000094000000, 0x0000000094000000|100%| O|  |TAMS 0x0000000093f00000, 0x0000000093f00000| Untracked 
| 238|0x0000000094000000, 0x0000000094100000, 0x0000000094100000|100%| O|  |TAMS 0x0000000094000000, 0x0000000094000000| Untracked 
| 239|0x0000000094100000, 0x0000000094200000, 0x0000000094200000|100%|HS|  |TAMS 0x0000000094100000, 0x0000000094100000| Complete 
| 240|0x0000000094200000, 0x0000000094300000, 0x0000000094300000|100%|HC|  |TAMS 0x0000000094200000, 0x0000000094200000| Complete 
| 241|0x0000000094300000, 0x0000000094400000, 0x0000000094400000|100%|HC|  |TAMS 0x0000000094300000, 0x0000000094300000| Complete 
| 242|0x0000000094400000, 0x0000000094500000, 0x0000000094500000|100%|HC|  |TAMS 0x0000000094400000, 0x0000000094400000| Complete 
| 243|0x0000000094500000, 0x0000000094600000, 0x0000000094600000|100%|HC|  |TAMS 0x0000000094500000, 0x0000000094500000| Complete 
| 244|0x0000000094600000, 0x0000000094700000, 0x0000000094700000|100%|HC|  |TAMS 0x0000000094600000, 0x0000000094600000| Complete 
| 245|0x0000000094700000, 0x0000000094800000, 0x0000000094800000|100%| O|  |TAMS 0x0000000094700000, 0x0000000094700000| Untracked 
| 246|0x0000000094800000, 0x0000000094900000, 0x0000000094900000|100%| O|  |TAMS 0x0000000094800000, 0x0000000094800000| Untracked 
| 247|0x0000000094900000, 0x0000000094a00000, 0x0000000094a00000|100%| O|  |TAMS 0x0000000094900000, 0x0000000094900000| Untracked 
| 248|0x0000000094a00000, 0x0000000094b00000, 0x0000000094b00000|100%| O|  |TAMS 0x0000000094a00000, 0x0000000094a00000| Untracked 
| 249|0x0000000094b00000, 0x0000000094c00000, 0x0000000094c00000|100%| O|  |TAMS 0x0000000094b00000, 0x0000000094b00000| Untracked 
| 250|0x0000000094c00000, 0x0000000094d00000, 0x0000000094d00000|100%| O|  |TAMS 0x0000000094c00000, 0x0000000094c00000| Untracked 
| 251|0x0000000094d00000, 0x0000000094e00000, 0x0000000094e00000|100%| O|  |TAMS 0x0000000094d00000, 0x0000000094d00000| Untracked 
| 252|0x0000000094e00000, 0x0000000094f00000, 0x0000000094f00000|100%| O|  |TAMS 0x0000000094e00000, 0x0000000094e00000| Untracked 
| 253|0x0000000094f00000, 0x0000000095000000, 0x0000000095000000|100%| O|  |TAMS 0x0000000094f00000, 0x0000000094f00000| Untracked 
| 254|0x0000000095000000, 0x0000000095100000, 0x0000000095100000|100%| O|  |TAMS 0x0000000095000000, 0x0000000095000000| Untracked 
| 255|0x0000000095100000, 0x00000000951ddfb0, 0x0000000095200000| 86%| O|  |TAMS 0x00000000951ddfb0, 0x00000000951ddfb0| Untracked 
| 256|0x0000000095200000, 0x0000000095300000, 0x0000000095300000|100%| O|  |TAMS 0x0000000095200000, 0x0000000095200000| Untracked 
| 257|0x0000000095300000, 0x0000000095400000, 0x0000000095400000|100%| O|  |TAMS 0x0000000095300000, 0x0000000095300000| Untracked 
| 258|0x0000000095400000, 0x0000000095500000, 0x0000000095500000|100%| O|  |TAMS 0x0000000095400000, 0x0000000095400000| Untracked 
| 259|0x0000000095500000, 0x0000000095600000, 0x0000000095600000|100%| O|  |TAMS 0x0000000095500000, 0x0000000095500000| Untracked 
| 260|0x0000000095600000, 0x0000000095700000, 0x0000000095700000|100%| O|  |TAMS 0x0000000095600000, 0x0000000095600000| Untracked 
| 261|0x0000000095700000, 0x0000000095800000, 0x0000000095800000|100%| O|  |TAMS 0x0000000095700000, 0x0000000095700000| Untracked 
| 262|0x0000000095800000, 0x00000000958db800, 0x0000000095900000| 85%| O|  |TAMS 0x0000000095800000, 0x0000000095800000| Untracked 
| 263|0x0000000095900000, 0x0000000095900000, 0x0000000095a00000|  0%| F|  |TAMS 0x0000000095900000, 0x0000000095900000| Untracked 
| 264|0x0000000095a00000, 0x0000000095a00000, 0x0000000095b00000|  0%| F|  |TAMS 0x0000000095a00000, 0x0000000095a00000| Untracked 
| 265|0x0000000095b00000, 0x0000000095b00000, 0x0000000095c00000|  0%| F|  |TAMS 0x0000000095b00000, 0x0000000095b00000| Untracked 
| 266|0x0000000095c00000, 0x0000000095c00000, 0x0000000095d00000|  0%| F|  |TAMS 0x0000000095c00000, 0x0000000095c00000| Untracked 
| 267|0x0000000095d00000, 0x0000000095d00000, 0x0000000095e00000|  0%| F|  |TAMS 0x0000000095d00000, 0x0000000095d00000| Untracked 
| 268|0x0000000095e00000, 0x0000000095e00000, 0x0000000095f00000|  0%| F|  |TAMS 0x0000000095e00000, 0x0000000095e00000| Untracked 
| 269|0x0000000095f00000, 0x0000000095f00000, 0x0000000096000000|  0%| F|  |TAMS 0x0000000095f00000, 0x0000000095f00000| Untracked 
| 270|0x0000000096000000, 0x0000000096000000, 0x0000000096100000|  0%| F|  |TAMS 0x0000000096000000, 0x0000000096000000| Untracked 
| 271|0x0000000096100000, 0x0000000096100000, 0x0000000096200000|  0%| F|  |TAMS 0x0000000096100000, 0x0000000096100000| Untracked 
| 272|0x0000000096200000, 0x0000000096200000, 0x0000000096300000|  0%| F|  |TAMS 0x0000000096200000, 0x0000000096200000| Untracked 
| 273|0x0000000096300000, 0x0000000096300000, 0x0000000096400000|  0%| F|  |TAMS 0x0000000096300000, 0x0000000096300000| Untracked 
| 274|0x0000000096400000, 0x0000000096400000, 0x0000000096500000|  0%| F|  |TAMS 0x0000000096400000, 0x0000000096400000| Untracked 
| 275|0x0000000096500000, 0x0000000096500000, 0x0000000096600000|  0%| F|  |TAMS 0x0000000096500000, 0x0000000096500000| Untracked 
| 276|0x0000000096600000, 0x0000000096600000, 0x0000000096700000|  0%| F|  |TAMS 0x0000000096600000, 0x0000000096600000| Untracked 
| 277|0x0000000096700000, 0x0000000096700000, 0x0000000096800000|  0%| F|  |TAMS 0x0000000096700000, 0x0000000096700000| Untracked 
| 278|0x0000000096800000, 0x0000000096800000, 0x0000000096900000|  0%| F|  |TAMS 0x0000000096800000, 0x0000000096800000| Untracked 
| 279|0x0000000096900000, 0x0000000096900000, 0x0000000096a00000|  0%| F|  |TAMS 0x0000000096900000, 0x0000000096900000| Untracked 
| 280|0x0000000096a00000, 0x0000000096a00000, 0x0000000096b00000|  0%| F|  |TAMS 0x0000000096a00000, 0x0000000096a00000| Untracked 
| 281|0x0000000096b00000, 0x0000000096b00000, 0x0000000096c00000|  0%| F|  |TAMS 0x0000000096b00000, 0x0000000096b00000| Untracked 
| 282|0x0000000096c00000, 0x0000000096c00000, 0x0000000096d00000|  0%| F|  |TAMS 0x0000000096c00000, 0x0000000096c00000| Untracked 
| 283|0x0000000096d00000, 0x0000000096d00000, 0x0000000096e00000|  0%| F|  |TAMS 0x0000000096d00000, 0x0000000096d00000| Untracked 
| 284|0x0000000096e00000, 0x0000000096e00000, 0x0000000096f00000|  0%| F|  |TAMS 0x0000000096e00000, 0x0000000096e00000| Untracked 
| 285|0x0000000096f00000, 0x0000000096f00000, 0x0000000097000000|  0%| F|  |TAMS 0x0000000096f00000, 0x0000000096f00000| Untracked 
| 286|0x0000000097000000, 0x0000000097000000, 0x0000000097100000|  0%| F|  |TAMS 0x0000000097000000, 0x0000000097000000| Untracked 
| 287|0x0000000097100000, 0x0000000097100000, 0x0000000097200000|  0%| F|  |TAMS 0x0000000097100000, 0x0000000097100000| Untracked 
| 288|0x0000000097200000, 0x0000000097200000, 0x0000000097300000|  0%| F|  |TAMS 0x0000000097200000, 0x0000000097200000| Untracked 
| 289|0x0000000097300000, 0x0000000097300000, 0x0000000097400000|  0%| F|  |TAMS 0x0000000097300000, 0x0000000097300000| Untracked 
| 290|0x0000000097400000, 0x0000000097400000, 0x0000000097500000|  0%| F|  |TAMS 0x0000000097400000, 0x0000000097400000| Untracked 
| 291|0x0000000097500000, 0x0000000097500000, 0x0000000097600000|  0%| F|  |TAMS 0x0000000097500000, 0x0000000097500000| Untracked 
| 292|0x0000000097600000, 0x0000000097600000, 0x0000000097700000|  0%| F|  |TAMS 0x0000000097600000, 0x0000000097600000| Untracked 
| 293|0x0000000097700000, 0x0000000097700000, 0x0000000097800000|  0%| F|  |TAMS 0x0000000097700000, 0x0000000097700000| Untracked 
| 294|0x0000000097800000, 0x0000000097800000, 0x0000000097900000|  0%| F|  |TAMS 0x0000000097800000, 0x0000000097800000| Untracked 
| 295|0x0000000097900000, 0x0000000097900000, 0x0000000097a00000|  0%| F|  |TAMS 0x0000000097900000, 0x0000000097900000| Untracked 
| 296|0x0000000097a00000, 0x0000000097a00000, 0x0000000097b00000|  0%| F|  |TAMS 0x0000000097a00000, 0x0000000097a00000| Untracked 
| 297|0x0000000097b00000, 0x0000000097b00000, 0x0000000097c00000|  0%| F|  |TAMS 0x0000000097b00000, 0x0000000097b00000| Untracked 
| 298|0x0000000097c00000, 0x0000000097c00000, 0x0000000097d00000|  0%| F|  |TAMS 0x0000000097c00000, 0x0000000097c00000| Untracked 
| 299|0x0000000097d00000, 0x0000000097d00000, 0x0000000097e00000|  0%| F|  |TAMS 0x0000000097d00000, 0x0000000097d00000| Untracked 
| 300|0x0000000097e00000, 0x0000000097e00000, 0x0000000097f00000|  0%| F|  |TAMS 0x0000000097e00000, 0x0000000097e00000| Untracked 
| 301|0x0000000097f00000, 0x0000000097fffe40, 0x0000000098000000| 99%| O|  |TAMS 0x0000000097fffe40, 0x0000000097fffe40| Untracked 
| 302|0x0000000098000000, 0x0000000098000000, 0x0000000098100000|  0%| F|  |TAMS 0x0000000098000000, 0x0000000098000000| Untracked 
| 303|0x0000000098100000, 0x0000000098100000, 0x0000000098200000|  0%| F|  |TAMS 0x0000000098100000, 0x0000000098100000| Untracked 
| 304|0x0000000098200000, 0x0000000098200000, 0x0000000098300000|  0%| F|  |TAMS 0x0000000098200000, 0x0000000098200000| Untracked 
| 305|0x0000000098300000, 0x00000000983ffff0, 0x0000000098400000| 99%| O|  |TAMS 0x00000000983ffff0, 0x00000000983ffff0| Untracked 
| 306|0x0000000098400000, 0x0000000098400000, 0x0000000098500000|  0%| F|  |TAMS 0x0000000098400000, 0x0000000098400000| Untracked 
| 307|0x0000000098500000, 0x0000000098500000, 0x0000000098600000|  0%| F|  |TAMS 0x0000000098500000, 0x0000000098500000| Untracked 
| 308|0x0000000098600000, 0x0000000098600000, 0x0000000098700000|  0%| F|  |TAMS 0x0000000098600000, 0x0000000098600000| Untracked 
| 309|0x0000000098700000, 0x0000000098700000, 0x0000000098800000|  0%| F|  |TAMS 0x0000000098700000, 0x0000000098700000| Untracked 
| 310|0x0000000098800000, 0x00000000988fffc0, 0x0000000098900000| 99%| O|  |TAMS 0x00000000988fffc0, 0x00000000988fffc0| Untracked 
| 311|0x0000000098900000, 0x0000000098900000, 0x0000000098a00000|  0%| F|  |TAMS 0x0000000098900000, 0x0000000098900000| Untracked 
| 312|0x0000000098a00000, 0x0000000098a00000, 0x0000000098b00000|  0%| F|  |TAMS 0x0000000098a00000, 0x0000000098a00000| Untracked 
| 313|0x0000000098b00000, 0x0000000098b00000, 0x0000000098c00000|  0%| F|  |TAMS 0x0000000098b00000, 0x0000000098b00000| Untracked 
| 314|0x0000000098c00000, 0x0000000098c00000, 0x0000000098d00000|  0%| F|  |TAMS 0x0000000098c00000, 0x0000000098c00000| Untracked 
| 315|0x0000000098d00000, 0x0000000098d00000, 0x0000000098e00000|  0%| F|  |TAMS 0x0000000098d00000, 0x0000000098d00000| Untracked 
| 316|0x0000000098e00000, 0x0000000098e00000, 0x0000000098f00000|  0%| F|  |TAMS 0x0000000098e00000, 0x0000000098e00000| Untracked 
| 317|0x0000000098f00000, 0x0000000098f00000, 0x0000000099000000|  0%| F|  |TAMS 0x0000000098f00000, 0x0000000098f00000| Untracked 
| 318|0x0000000099000000, 0x0000000099000000, 0x0000000099100000|  0%| F|  |TAMS 0x0000000099000000, 0x0000000099000000| Untracked 
| 319|0x0000000099100000, 0x0000000099100000, 0x0000000099200000|  0%| F|  |TAMS 0x0000000099100000, 0x0000000099100000| Untracked 
| 320|0x0000000099200000, 0x00000000992ffff0, 0x0000000099300000| 99%| O|  |TAMS 0x00000000992ffff0, 0x00000000992ffff0| Untracked 
| 321|0x0000000099300000, 0x0000000099300000, 0x0000000099400000|  0%| F|  |TAMS 0x0000000099300000, 0x0000000099300000| Untracked 
| 322|0x0000000099400000, 0x0000000099400000, 0x0000000099500000|  0%| F|  |TAMS 0x0000000099400000, 0x0000000099400000| Untracked 
| 323|0x0000000099500000, 0x0000000099500000, 0x0000000099600000|  0%| F|  |TAMS 0x0000000099500000, 0x0000000099500000| Untracked 
| 324|0x0000000099600000, 0x0000000099600000, 0x0000000099700000|  0%| F|  |TAMS 0x0000000099600000, 0x0000000099600000| Untracked 
| 325|0x0000000099700000, 0x0000000099700000, 0x0000000099800000|  0%| F|  |TAMS 0x0000000099700000, 0x0000000099700000| Untracked 
| 326|0x0000000099800000, 0x0000000099800000, 0x0000000099900000|  0%| F|  |TAMS 0x0000000099800000, 0x0000000099800000| Untracked 
| 327|0x0000000099900000, 0x00000000999ffff8, 0x0000000099a00000| 99%| O|  |TAMS 0x00000000999ffff8, 0x00000000999ffff8| Untracked 
| 328|0x0000000099a00000, 0x0000000099a00000, 0x0000000099b00000|  0%| F|  |TAMS 0x0000000099a00000, 0x0000000099a00000| Untracked 
| 329|0x0000000099b00000, 0x0000000099b00000, 0x0000000099c00000|  0%| F|  |TAMS 0x0000000099b00000, 0x0000000099b00000| Untracked 
| 330|0x0000000099c00000, 0x0000000099c00000, 0x0000000099d00000|  0%| F|  |TAMS 0x0000000099c00000, 0x0000000099c00000| Untracked 
| 331|0x0000000099d00000, 0x0000000099d00000, 0x0000000099e00000|  0%| F|  |TAMS 0x0000000099d00000, 0x0000000099d00000| Untracked 
| 332|0x0000000099e00000, 0x0000000099e00000, 0x0000000099f00000|  0%| F|  |TAMS 0x0000000099e00000, 0x0000000099e00000| Untracked 
| 333|0x0000000099f00000, 0x0000000099f00000, 0x000000009a000000|  0%| F|  |TAMS 0x0000000099f00000, 0x0000000099f00000| Untracked 
| 334|0x000000009a000000, 0x000000009a0fffe8, 0x000000009a100000| 99%| O|  |TAMS 0x000000009a0fffe8, 0x000000009a0fffe8| Untracked 
| 335|0x000000009a100000, 0x000000009a100000, 0x000000009a200000|  0%| F|  |TAMS 0x000000009a100000, 0x000000009a100000| Untracked 
| 336|0x000000009a200000, 0x000000009a200000, 0x000000009a300000|  0%| F|  |TAMS 0x000000009a200000, 0x000000009a200000| Untracked 
| 337|0x000000009a300000, 0x000000009a300000, 0x000000009a400000|  0%| F|  |TAMS 0x000000009a300000, 0x000000009a300000| Untracked 
| 338|0x000000009a400000, 0x000000009a400000, 0x000000009a500000|  0%| F|  |TAMS 0x000000009a400000, 0x000000009a400000| Untracked 
| 339|0x000000009a500000, 0x000000009a500000, 0x000000009a600000|  0%| F|  |TAMS 0x000000009a500000, 0x000000009a500000| Untracked 
| 340|0x000000009a600000, 0x000000009a600000, 0x000000009a700000|  0%| F|  |TAMS 0x000000009a600000, 0x000000009a600000| Untracked 
| 341|0x000000009a700000, 0x000000009a700000, 0x000000009a800000|  0%| F|  |TAMS 0x000000009a700000, 0x000000009a700000| Untracked 
| 342|0x000000009a800000, 0x000000009a800000, 0x000000009a900000|  0%| F|  |TAMS 0x000000009a800000, 0x000000009a800000| Untracked 
| 343|0x000000009a900000, 0x000000009a900000, 0x000000009aa00000|  0%| F|  |TAMS 0x000000009a900000, 0x000000009a900000| Untracked 
| 344|0x000000009aa00000, 0x000000009aa00000, 0x000000009ab00000|  0%| F|  |TAMS 0x000000009aa00000, 0x000000009aa00000| Untracked 
| 345|0x000000009ab00000, 0x000000009ab00000, 0x000000009ac00000|  0%| F|  |TAMS 0x000000009ab00000, 0x000000009ab00000| Untracked 
| 346|0x000000009ac00000, 0x000000009ac00000, 0x000000009ad00000|  0%| F|  |TAMS 0x000000009ac00000, 0x000000009ac00000| Untracked 
| 347|0x000000009ad00000, 0x000000009ad00000, 0x000000009ae00000|  0%| F|  |TAMS 0x000000009ad00000, 0x000000009ad00000| Untracked 
| 348|0x000000009ae00000, 0x000000009ae00000, 0x000000009af00000|  0%| F|  |TAMS 0x000000009ae00000, 0x000000009ae00000| Untracked 
| 349|0x000000009af00000, 0x000000009af00000, 0x000000009b000000|  0%| F|  |TAMS 0x000000009af00000, 0x000000009af00000| Untracked 
| 350|0x000000009b000000, 0x000000009b000000, 0x000000009b100000|  0%| F|  |TAMS 0x000000009b000000, 0x000000009b000000| Untracked 
| 351|0x000000009b100000, 0x000000009b100000, 0x000000009b200000|  0%| F|  |TAMS 0x000000009b100000, 0x000000009b100000| Untracked 
| 352|0x000000009b200000, 0x000000009b2d58d8, 0x000000009b300000| 83%| O|  |TAMS 0x000000009b2d58d8, 0x000000009b2d58d8| Untracked 
| 353|0x000000009b300000, 0x000000009b300000, 0x000000009b400000|  0%| F|  |TAMS 0x000000009b300000, 0x000000009b300000| Untracked 
| 354|0x000000009b400000, 0x000000009b4fffd0, 0x000000009b500000| 99%| O|  |TAMS 0x000000009b4fffd0, 0x000000009b4fffd0| Untracked 
| 355|0x000000009b500000, 0x000000009b500000, 0x000000009b600000|  0%| F|  |TAMS 0x000000009b500000, 0x000000009b500000| Untracked 
| 356|0x000000009b600000, 0x000000009b600000, 0x000000009b700000|  0%| F|  |TAMS 0x000000009b600000, 0x000000009b600000| Untracked 
| 357|0x000000009b700000, 0x000000009b700000, 0x000000009b800000|  0%| F|  |TAMS 0x000000009b700000, 0x000000009b700000| Untracked 
| 358|0x000000009b800000, 0x000000009b89fab0, 0x000000009b900000| 62%| S|CS|TAMS 0x000000009b800000, 0x000000009b800000| Complete 
| 359|0x000000009b900000, 0x000000009ba00000, 0x000000009ba00000|100%| S|CS|TAMS 0x000000009b900000, 0x000000009b900000| Complete 
| 360|0x000000009ba00000, 0x000000009ba2ca60, 0x000000009bb00000| 17%| O|  |TAMS 0x000000009ba2ca60, 0x000000009ba2ca60| Untracked 
| 361|0x000000009bb00000, 0x000000009bc00000, 0x000000009bc00000|100%| S|CS|TAMS 0x000000009bb00000, 0x000000009bb00000| Complete 
| 362|0x000000009bc00000, 0x000000009bc00000, 0x000000009bd00000|  0%| F|  |TAMS 0x000000009bc00000, 0x000000009bc00000| Untracked 
| 363|0x000000009bd00000, 0x000000009bd00000, 0x000000009be00000|  0%| F|  |TAMS 0x000000009bd00000, 0x000000009bd00000| Untracked 
| 364|0x000000009be00000, 0x000000009be00000, 0x000000009bf00000|  0%| F|  |TAMS 0x000000009be00000, 0x000000009be00000| Untracked 
| 365|0x000000009bf00000, 0x000000009bf00000, 0x000000009c000000|  0%| F|  |TAMS 0x000000009bf00000, 0x000000009bf00000| Untracked 
| 366|0x000000009c000000, 0x000000009c000000, 0x000000009c100000|  0%| F|  |TAMS 0x000000009c000000, 0x000000009c000000| Untracked 
| 367|0x000000009c100000, 0x000000009c100000, 0x000000009c200000|  0%| F|  |TAMS 0x000000009c100000, 0x000000009c100000| Untracked 
| 368|0x000000009c200000, 0x000000009c200000, 0x000000009c300000|  0%| F|  |TAMS 0x000000009c200000, 0x000000009c200000| Untracked 
| 369|0x000000009c300000, 0x000000009c300000, 0x000000009c400000|  0%| F|  |TAMS 0x000000009c300000, 0x000000009c300000| Untracked 
| 370|0x000000009c400000, 0x000000009c400000, 0x000000009c500000|  0%| F|  |TAMS 0x000000009c400000, 0x000000009c400000| Untracked 
| 371|0x000000009c500000, 0x000000009c500000, 0x000000009c600000|  0%| F|  |TAMS 0x000000009c500000, 0x000000009c500000| Untracked 
| 372|0x000000009c600000, 0x000000009c600000, 0x000000009c700000|  0%| F|  |TAMS 0x000000009c600000, 0x000000009c600000| Untracked 
| 373|0x000000009c700000, 0x000000009c700000, 0x000000009c800000|  0%| F|  |TAMS 0x000000009c700000, 0x000000009c700000| Untracked 
| 374|0x000000009c800000, 0x000000009c800000, 0x000000009c900000|  0%| F|  |TAMS 0x000000009c800000, 0x000000009c800000| Untracked 
| 375|0x000000009c900000, 0x000000009c900000, 0x000000009ca00000|  0%| F|  |TAMS 0x000000009c900000, 0x000000009c900000| Untracked 
| 376|0x000000009ca00000, 0x000000009ca00000, 0x000000009cb00000|  0%| F|  |TAMS 0x000000009ca00000, 0x000000009ca00000| Untracked 
| 377|0x000000009cb00000, 0x000000009cb00000, 0x000000009cc00000|  0%| F|  |TAMS 0x000000009cb00000, 0x000000009cb00000| Untracked 
| 378|0x000000009cc00000, 0x000000009cc00000, 0x000000009cd00000|  0%| F|  |TAMS 0x000000009cc00000, 0x000000009cc00000| Untracked 
| 379|0x000000009cd00000, 0x000000009cd00000, 0x000000009ce00000|  0%| F|  |TAMS 0x000000009cd00000, 0x000000009cd00000| Untracked 
| 380|0x000000009ce00000, 0x000000009ce00000, 0x000000009cf00000|  0%| F|  |TAMS 0x000000009ce00000, 0x000000009ce00000| Untracked 
| 381|0x000000009cf00000, 0x000000009cf00000, 0x000000009d000000|  0%| F|  |TAMS 0x000000009cf00000, 0x000000009cf00000| Untracked 
| 382|0x000000009d000000, 0x000000009d000000, 0x000000009d100000|  0%| F|  |TAMS 0x000000009d000000, 0x000000009d000000| Untracked 
| 383|0x000000009d100000, 0x000000009d100000, 0x000000009d200000|  0%| F|  |TAMS 0x000000009d100000, 0x000000009d100000| Untracked 
| 384|0x000000009d200000, 0x000000009d200000, 0x000000009d300000|  0%| F|  |TAMS 0x000000009d200000, 0x000000009d200000| Untracked 
| 385|0x000000009d300000, 0x000000009d300000, 0x000000009d400000|  0%| F|  |TAMS 0x000000009d300000, 0x000000009d300000| Untracked 
| 386|0x000000009d400000, 0x000000009d400000, 0x000000009d500000|  0%| F|  |TAMS 0x000000009d400000, 0x000000009d400000| Untracked 
| 387|0x000000009d500000, 0x000000009d500000, 0x000000009d600000|  0%| F|  |TAMS 0x000000009d500000, 0x000000009d500000| Untracked 
| 388|0x000000009d600000, 0x000000009d600000, 0x000000009d700000|  0%| F|  |TAMS 0x000000009d600000, 0x000000009d600000| Untracked 
| 389|0x000000009d700000, 0x000000009d700000, 0x000000009d800000|  0%| F|  |TAMS 0x000000009d700000, 0x000000009d700000| Untracked 
| 390|0x000000009d800000, 0x000000009d800000, 0x000000009d900000|  0%| F|  |TAMS 0x000000009d800000, 0x000000009d800000| Untracked 
| 391|0x000000009d900000, 0x000000009d900000, 0x000000009da00000|  0%| F|  |TAMS 0x000000009d900000, 0x000000009d900000| Untracked 
| 392|0x000000009da00000, 0x000000009da00000, 0x000000009db00000|  0%| F|  |TAMS 0x000000009da00000, 0x000000009da00000| Untracked 
| 393|0x000000009db00000, 0x000000009db00000, 0x000000009dc00000|  0%| F|  |TAMS 0x000000009db00000, 0x000000009db00000| Untracked 
| 394|0x000000009dc00000, 0x000000009dc00000, 0x000000009dd00000|  0%| F|  |TAMS 0x000000009dc00000, 0x000000009dc00000| Untracked 
| 395|0x000000009dd00000, 0x000000009dd00000, 0x000000009de00000|  0%| F|  |TAMS 0x000000009dd00000, 0x000000009dd00000| Untracked 
| 396|0x000000009de00000, 0x000000009de00000, 0x000000009df00000|  0%| F|  |TAMS 0x000000009de00000, 0x000000009de00000| Untracked 
| 397|0x000000009df00000, 0x000000009df00000, 0x000000009e000000|  0%| F|  |TAMS 0x000000009df00000, 0x000000009df00000| Untracked 
| 398|0x000000009e000000, 0x000000009e000000, 0x000000009e100000|  0%| F|  |TAMS 0x000000009e000000, 0x000000009e000000| Untracked 
| 399|0x000000009e100000, 0x000000009e100000, 0x000000009e200000|  0%| F|  |TAMS 0x000000009e100000, 0x000000009e100000| Untracked 
| 400|0x000000009e200000, 0x000000009e200000, 0x000000009e300000|  0%| F|  |TAMS 0x000000009e200000, 0x000000009e200000| Untracked 
| 401|0x000000009e300000, 0x000000009e300000, 0x000000009e400000|  0%| F|  |TAMS 0x000000009e300000, 0x000000009e300000| Untracked 
| 402|0x000000009e400000, 0x000000009e400000, 0x000000009e500000|  0%| F|  |TAMS 0x000000009e400000, 0x000000009e400000| Untracked 
| 403|0x000000009e500000, 0x000000009e500000, 0x000000009e600000|  0%| F|  |TAMS 0x000000009e500000, 0x000000009e500000| Untracked 
| 404|0x000000009e600000, 0x000000009e600000, 0x000000009e700000|  0%| F|  |TAMS 0x000000009e600000, 0x000000009e600000| Untracked 
| 405|0x000000009e700000, 0x000000009e700000, 0x000000009e800000|  0%| F|  |TAMS 0x000000009e700000, 0x000000009e700000| Untracked 
| 406|0x000000009e800000, 0x000000009e800000, 0x000000009e900000|  0%| F|  |TAMS 0x000000009e800000, 0x000000009e800000| Untracked 
| 407|0x000000009e900000, 0x000000009e900000, 0x000000009ea00000|  0%| F|  |TAMS 0x000000009e900000, 0x000000009e900000| Untracked 
| 408|0x000000009ea00000, 0x000000009ea00000, 0x000000009eb00000|  0%| F|  |TAMS 0x000000009ea00000, 0x000000009ea00000| Untracked 
| 409|0x000000009eb00000, 0x000000009eb00000, 0x000000009ec00000|  0%| F|  |TAMS 0x000000009eb00000, 0x000000009eb00000| Untracked 
| 410|0x000000009ec00000, 0x000000009ec00000, 0x000000009ed00000|  0%| F|  |TAMS 0x000000009ec00000, 0x000000009ec00000| Untracked 
| 411|0x000000009ed00000, 0x000000009ed00000, 0x000000009ee00000|  0%| F|  |TAMS 0x000000009ed00000, 0x000000009ed00000| Untracked 
| 412|0x000000009ee00000, 0x000000009ee00000, 0x000000009ef00000|  0%| F|  |TAMS 0x000000009ee00000, 0x000000009ee00000| Untracked 
| 413|0x000000009ef00000, 0x000000009ef00000, 0x000000009f000000|  0%| F|  |TAMS 0x000000009ef00000, 0x000000009ef00000| Untracked 
| 414|0x000000009f000000, 0x000000009f000000, 0x000000009f100000|  0%| F|  |TAMS 0x000000009f000000, 0x000000009f000000| Untracked 

Card table byte_map: [0x0000024879b10000,0x0000024879ef0000] _byte_map_base: 0x00000248796e7000

Marking Bits (Prev, Next): (CMBitMap*) 0x0000024865077200, (CMBitMap*) 0x0000024865077240
 Prev Bits: [0x000002487a2d0000, 0x000002487c188000)
 Next Bits: [0x000002487c190000, 0x000002487e048000)

Polling page: 0x00000248650f0000

Metaspace:

Usage:
  Non-class:     16.24 MB used.
      Class:      1.78 MB used.
       Both:     18.02 MB used.

Virtual space:
  Non-class space:       24.00 MB reserved,      16.31 MB ( 68%) committed,  3 nodes.
      Class space:        1.00 GB reserved,       1.88 MB ( <1%) committed,  1 nodes.
             Both:        1.02 GB reserved,      18.19 MB (  2%) committed. 

Chunk freelists:
   Non-Class:  3.72 MB
       Class:  2.17 MB
        Both:  5.89 MB

MaxMetaspaceSize: unlimited
CompressedClassSpaceSize: 1.00 GB
Initial GC threshold: 21.00 MB
Current GC threshold: 29.00 MB
CDS: off
MetaspaceReclaimPolicy: balanced
 - commit_granule_bytes: 65536.
 - commit_granule_words: 8192.
 - virtual_space_node_default_size: 1048576.
 - enlarge_chunks_in_place: 1.
 - new_chunks_are_fully_committed: 0.
 - uncommit_free_chunks: 1.
 - use_allocation_guard: 0.
 - handle_deallocations: 1.


Internal statistics:

num_allocs_failed_limit: 0.
num_arena_births: 122.
num_arena_deaths: 0.
num_vsnodes_births: 4.
num_vsnodes_deaths: 0.
num_space_committed: 291.
num_space_uncommitted: 0.
num_chunks_returned_to_freelist: 0.
num_chunks_taken_from_freelist: 224.
num_chunk_merges: 0.
num_chunk_splits: 134.
num_chunks_enlarged: 83.
num_purges: 0.
num_inconsistent_stats: 0.

CodeHeap 'non-profiled nmethods': size=120000Kb used=2396Kb max_used=2396Kb free=117603Kb
 bounds [0x00000248719c0000, 0x0000024871c30000, 0x0000024878ef0000]
CodeHeap 'profiled nmethods': size=120000Kb used=5414Kb max_used=5414Kb free=114585Kb
 bounds [0x0000024869ef0000, 0x000002486a440000, 0x0000024871420000]
CodeHeap 'non-nmethods': size=5760Kb used=1301Kb max_used=1373Kb free=4458Kb
 bounds [0x0000024871420000, 0x0000024871690000, 0x00000248719c0000]
 total_blobs=3599 nmethods=2968 adapters=543
 compilation: enabled
              stopped_count=0, restarted_count=0
 full_count=0

Compilation events (20 events):
Event: 11.817 Thread 0x000002487fb556d0 nmethod 2967 0x0000024871c0eb10 code [0x0000024871c0ecc0, 0x0000024871c0f378]
Event: 11.817 Thread 0x000002487fb556d0 2969       4       java.lang.Integer::stringSize (47 bytes)
Event: 11.818 Thread 0x000002487fb556d0 nmethod 2969 0x0000024871c0f690 code [0x0000024871c0f800, 0x0000024871c0f8f8]
Event: 11.818 Thread 0x000002487fb556d0 2973       4       java.lang.Integer::getChars (131 bytes)
Event: 11.828 Thread 0x000002487fb556d0 nmethod 2973 0x0000024871c0f990 code [0x0000024871c0fb20, 0x0000024871c0ff98]
Event: 11.828 Thread 0x000002487fb556d0 2960       4       jxl.write.biff.WritableSheetImpl::getRowRecord (90 bytes)
Event: 11.834 Thread 0x000002487fb556d0 nmethod 2960 0x0000024871c10210 code [0x0000024871c103c0, 0x0000024871c10bd8]
Event: 11.834 Thread 0x000002487fb556d0 2962       4       jxl.write.biff.RowRecord::addCell (169 bytes)
Event: 11.838 Thread 0x000002487fb556d0 nmethod 2962 0x0000024871c10e90 code [0x0000024871c11020, 0x0000024871c115b8]
Event: 11.838 Thread 0x000002487fb556d0 2963   !   4       jxl.write.biff.CellValue::addCellFormat (65 bytes)
Event: 11.839 Thread 0x000002487fb556d0 nmethod 2963 0x0000024871c11810 code [0x0000024871c119a0, 0x0000024871c11c38]
Event: 11.840 Thread 0x000002487fb556d0 2964       4       jxl.write.biff.Styles::getFormat (100 bytes)
Event: 11.840 Thread 0x000002487e9279c0 nmethod 2959 0x0000024871c11f10 code [0x0000024871c12180, 0x0000024871c145b8]
Event: 11.841 Thread 0x000002487e9279c0 2966       4       jxl.write.biff.SharedStrings::getIndex (65 bytes)
Event: 11.841 Thread 0x000002487fb556d0 nmethod 2964 0x0000024871c15790 code [0x0000024871c15920, 0x0000024871c15a58]
Event: 11.841 Thread 0x000002487fb556d0 2970       4       java.lang.AbstractStringBuilder::<init> (63 bytes)
Event: 11.847 Thread 0x000002487fb556d0 nmethod 2970 0x0000024871c15c10 code [0x0000024871c15de0, 0x0000024871c168b8]
Event: 11.847 Thread 0x000002487fb556d0 2972       4       java.lang.StringBuilder::<init> (6 bytes)
Event: 11.848 Thread 0x000002487fb556d0 nmethod 2972 0x0000024871c16e10 code [0x0000024871c16fa0, 0x0000024871c17048]
Event: 11.848 Thread 0x000002487fb556d0 2974       4       java.lang.StringBuilder::append (6 bytes)

GC Heap History (20 events):
Event: 3.443 GC heap after
{Heap after GC invocations=13 (full 5):
 garbage-first heap   total 370688K, used 143846K [0x0000000085200000, 0x0000000100000000)
  region size 1024K, 0 young (0K), 0 survivors (0K)
 Metaspace       used 17627K, committed 17792K, reserved 1064960K
  class space    used 1765K, committed 1856K, reserved 1048576K
}
Event: 3.444 GC heap before
{Heap before GC invocations=13 (full 5):
 garbage-first heap   total 370688K, used 143846K [0x0000000085200000, 0x0000000100000000)
  region size 1024K, 1 young (1024K), 0 survivors (0K)
 Metaspace       used 17627K, committed 17792K, reserved 1064960K
  class space    used 1765K, committed 1856K, reserved 1048576K
}
Event: 3.499 GC heap after
{Heap after GC invocations=14 (full 6):
 garbage-first heap   total 370688K, used 133443K [0x0000000085200000, 0x0000000100000000)
  region size 1024K, 0 young (0K), 0 survivors (0K)
 Metaspace       used 17627K, committed 17792K, reserved 1064960K
  class space    used 1765K, committed 1856K, reserved 1048576K
}
Event: 3.500 GC heap before
{Heap before GC invocations=14 (full 6):
 garbage-first heap   total 370688K, used 133443K [0x0000000085200000, 0x0000000100000000)
  region size 1024K, 0 young (0K), 0 survivors (0K)
 Metaspace       used 17627K, committed 17792K, reserved 1064960K
  class space    used 1765K, committed 1856K, reserved 1048576K
}
Event: 3.554 GC heap after
{Heap after GC invocations=15 (full 7):
 garbage-first heap   total 370688K, used 133443K [0x0000000085200000, 0x0000000100000000)
  region size 1024K, 0 young (0K), 0 survivors (0K)
 Metaspace       used 17627K, committed 17792K, reserved 1064960K
  class space    used 1765K, committed 1856K, reserved 1048576K
}
Event: 3.555 GC heap before
{Heap before GC invocations=15 (full 7):
 garbage-first heap   total 370688K, used 133443K [0x0000000085200000, 0x0000000100000000)
  region size 1024K, 1 young (1024K), 0 survivors (0K)
 Metaspace       used 17627K, committed 17792K, reserved 1064960K
  class space    used 1765K, committed 1856K, reserved 1048576K
}
Event: 3.610 GC heap after
{Heap after GC invocations=16 (full 8):
 garbage-first heap   total 370688K, used 133444K [0x0000000085200000, 0x0000000100000000)
  region size 1024K, 0 young (0K), 0 survivors (0K)
 Metaspace       used 17627K, committed 17792K, reserved 1064960K
  class space    used 1765K, committed 1856K, reserved 1048576K
}
Event: 3.617 GC heap before
{Heap before GC invocations=16 (full 8):
 garbage-first heap   total 370688K, used 146756K [0x0000000085200000, 0x0000000100000000)
  region size 1024K, 14 young (14336K), 0 survivors (0K)
 Metaspace       used 17627K, committed 17792K, reserved 1064960K
  class space    used 1765K, committed 1856K, reserved 1048576K
}
Event: 3.679 GC heap after
{Heap after GC invocations=17 (full 9):
 garbage-first heap   total 370688K, used 143847K [0x0000000085200000, 0x0000000100000000)
  region size 1024K, 0 young (0K), 0 survivors (0K)
 Metaspace       used 17627K, committed 17792K, reserved 1064960K
  class space    used 1765K, committed 1856K, reserved 1048576K
}
Event: 4.134 GC heap before
{Heap before GC invocations=17 (full 9):
 garbage-first heap   total 370688K, used 232935K [0x0000000085200000, 0x0000000100000000)
  region size 1024K, 87 young (89088K), 0 survivors (0K)
 Metaspace       used 17627K, committed 17792K, reserved 1064960K
  class space    used 1765K, committed 1856K, reserved 1048576K
}
Event: 4.156 GC heap after
{Heap after GC invocations=18 (full 9):
 garbage-first heap   total 370688K, used 182759K [0x0000000085200000, 0x0000000100000000)
  region size 1024K, 11 young (11264K), 11 survivors (11264K)
 Metaspace       used 17627K, committed 17792K, reserved 1064960K
  class space    used 1765K, committed 1856K, reserved 1048576K
}
Event: 4.380 GC heap before
{Heap before GC invocations=18 (full 9):
 garbage-first heap   total 370688K, used 251367K [0x0000000085200000, 0x0000000100000000)
  region size 1024K, 78 young (79872K), 11 survivors (11264K)
 Metaspace       used 17627K, committed 17792K, reserved 1064960K
  class space    used 1765K, committed 1856K, reserved 1048576K
}
Event: 4.395 GC heap after
{Heap after GC invocations=19 (full 9):
 garbage-first heap   total 370688K, used 212455K [0x0000000085200000, 0x0000000100000000)
  region size 1024K, 10 young (10240K), 10 survivors (10240K)
 Metaspace       used 17627K, committed 17792K, reserved 1064960K
  class space    used 1765K, committed 1856K, reserved 1048576K
}
Event: 4.595 GC heap before
{Heap before GC invocations=20 (full 9):
 garbage-first heap   total 424960K, used 270823K [0x0000000085200000, 0x0000000100000000)
  region size 1024K, 67 young (68608K), 10 survivors (10240K)
 Metaspace       used 17631K, committed 17792K, reserved 1064960K
  class space    used 1765K, committed 1856K, reserved 1048576K
}
Event: 4.611 GC heap after
{Heap after GC invocations=21 (full 9):
 garbage-first heap   total 424960K, used 238567K [0x0000000085200000, 0x0000000100000000)
  region size 1024K, 9 young (9216K), 9 survivors (9216K)
 Metaspace       used 17631K, committed 17792K, reserved 1064960K
  class space    used 1765K, committed 1856K, reserved 1048576K
}
Event: 11.738 GC heap before
{Heap before GC invocations=21 (full 9):
 garbage-first heap   total 424960K, used 290791K [0x0000000085200000, 0x0000000100000000)
  region size 1024K, 61 young (62464K), 9 survivors (9216K)
 Metaspace       used 18113K, committed 18304K, reserved 1073152K
  class space    used 1792K, committed 1856K, reserved 1048576K
}
Event: 11.757 GC heap after
{Heap after GC invocations=22 (full 9):
 garbage-first heap   total 424960K, used 262119K [0x0000000085200000, 0x0000000100000000)
  region size 1024K, 10 young (10240K), 10 survivors (10240K)
 Metaspace       used 18113K, committed 18304K, reserved 1073152K
  class space    used 1792K, committed 1856K, reserved 1048576K
}
Event: 11.821 GC heap before
{Heap before GC invocations=22 (full 9):
 garbage-first heap   total 424960K, used 325607K [0x0000000085200000, 0x0000000100000000)
  region size 1024K, 67 young (68608K), 10 survivors (10240K)
 Metaspace       used 18457K, committed 18624K, reserved 1073152K
  class space    used 1823K, committed 1920K, reserved 1048576K
}
Event: 11.828 GC heap after
{Heap after GC invocations=23 (full 9):
 garbage-first heap   total 424960K, used 275409K [0x0000000085200000, 0x0000000100000000)
  region size 1024K, 6 young (6144K), 6 survivors (6144K)
 Metaspace       used 18457K, committed 18624K, reserved 1073152K
  class space    used 1823K, committed 1920K, reserved 1048576K
}
Event: 11.849 GC heap before
{Heap before GC invocations=23 (full 9):
 garbage-first heap   total 424960K, used 328657K [0x0000000085200000, 0x0000000100000000)
  region size 1024K, 59 young (60416K), 6 survivors (6144K)
 Metaspace       used 18457K, committed 18624K, reserved 1073152K
  class space    used 1823K, committed 1920K, reserved 1048576K
}

Dll operation events (8 events):
Event: 0.015 Loaded shared library C:\Users\ADMIN\AppData\Local\Temp\eoi521.tmp\configuration\org.eclipse.osgi\106\data\-637539034\plugins\org.eclipse.justj.openjdk.hotspot.jre.full.win32.x86_64_17.0.6.v20230204-1729\jre\bin\java.dll
Event: 0.131 Loaded shared library C:\Users\ADMIN\AppData\Local\Temp\eoi521.tmp\configuration\org.eclipse.osgi\106\data\-637539034\plugins\org.eclipse.justj.openjdk.hotspot.jre.full.win32.x86_64_17.0.6.v20230204-1729\jre\bin\jimage.dll
Event: 0.138 Loaded shared library C:\Users\ADMIN\AppData\Local\Temp\eoi521.tmp\configuration\org.eclipse.osgi\106\data\-637539034\plugins\org.eclipse.justj.openjdk.hotspot.jre.full.win32.x86_64_17.0.6.v20230204-1729\jre\bin\awt.dll
Event: 0.177 Loaded shared library C:\Users\ADMIN\AppData\Local\Temp\eoi521.tmp\configuration\org.eclipse.osgi\106\data\-637539034\plugins\org.eclipse.justj.openjdk.hotspot.jre.full.win32.x86_64_17.0.6.v20230204-1729\jre\bin\net.dll
Event: 0.180 Loaded shared library C:\Users\ADMIN\AppData\Local\Temp\eoi521.tmp\configuration\org.eclipse.osgi\106\data\-637539034\plugins\org.eclipse.justj.openjdk.hotspot.jre.full.win32.x86_64_17.0.6.v20230204-1729\jre\bin\nio.dll
Event: 0.186 Loaded shared library C:\Users\ADMIN\AppData\Local\Temp\eoi521.tmp\configuration\org.eclipse.osgi\106\data\-637539034\plugins\org.eclipse.justj.openjdk.hotspot.jre.full.win32.x86_64_17.0.6.v20230204-1729\jre\bin\zip.dll
Event: 0.376 Loaded shared library C:\Users\ADMIN\AppData\Local\Temp\eoi521.tmp\configuration\org.eclipse.osgi\106\data\-637539034\plugins\org.eclipse.justj.openjdk.hotspot.jre.full.win32.x86_64_17.0.6.v20230204-1729\jre\bin\freetype.dll
Event: 0.379 Loaded shared library C:\Users\ADMIN\AppData\Local\Temp\eoi521.tmp\configuration\org.eclipse.osgi\106\data\-637539034\plugins\org.eclipse.justj.openjdk.hotspot.jre.full.win32.x86_64_17.0.6.v20230204-1729\jre\bin\fontmanager.dll

Deoptimization events (20 events):
Event: 6.157 Thread 0x000002487fb3b5b0 Uncommon trap: trap_request=0xffffff45 fr.pc=0x0000024871b6a1a4 relative=0x0000000000000a64
Event: 6.157 Thread 0x000002487fb3b5b0 Uncommon trap: reason=unstable_if action=reinterpret pc=0x0000024871b6a1a4 method=java.util.IdentityHashMap.get(Ljava/lang/Object;)Ljava/lang/Object; @ 43 c2
Event: 6.157 Thread 0x000002487fb3b5b0 DEOPT PACKING pc=0x0000024871b6a1a4 sp=0x000000df20dfc7f0
Event: 6.157 Thread 0x000002487fb3b5b0 DEOPT UNPACKING pc=0x00000248714769a3 sp=0x000000df20dfc678 mode 2
Event: 8.752 Thread 0x000002487fb3b5b0 Uncommon trap: trap_request=0xffffff45 fr.pc=0x0000024871be8fe0 relative=0x0000000000000c40
Event: 8.752 Thread 0x000002487fb3b5b0 Uncommon trap: reason=unstable_if action=reinterpret pc=0x0000024871be8fe0 method=java.awt.Container.findComponentAtImpl(IIZ)Ljava/awt/Component; @ 131 c2
Event: 8.752 Thread 0x000002487fb3b5b0 DEOPT PACKING pc=0x0000024871be8fe0 sp=0x000000df20dfdc10
Event: 8.752 Thread 0x000002487fb3b5b0 DEOPT UNPACKING pc=0x00000248714769a3 sp=0x000000df20dfdaa0 mode 2
Event: 9.587 Thread 0x000002487fb3b5b0 Uncommon trap: trap_request=0xffffff45 fr.pc=0x0000024871b05b50 relative=0x00000000000000b0
Event: 9.587 Thread 0x000002487fb3b5b0 Uncommon trap: reason=unstable_if action=reinterpret pc=0x0000024871b05b50 method=javax.swing.JToggleButton$ToggleButtonModel.setSelected(Z)V @ 26 c2
Event: 9.587 Thread 0x000002487fb3b5b0 DEOPT PACKING pc=0x0000024871b05b50 sp=0x000000df20dfe280
Event: 9.587 Thread 0x000002487fb3b5b0 DEOPT UNPACKING pc=0x00000248714769a3 sp=0x000000df20dfe210 mode 2
Event: 11.786 Thread 0x000002487fb3b5b0 Uncommon trap: trap_request=0xffffff45 fr.pc=0x0000024871a36350 relative=0x0000000000000310
Event: 11.786 Thread 0x000002487fb3b5b0 Uncommon trap: reason=unstable_if action=reinterpret pc=0x0000024871a36350 method=java.util.HashMap.getNode(Ljava/lang/Object;)Ljava/util/HashMap$Node; @ 66 c2
Event: 11.786 Thread 0x000002487fb3b5b0 DEOPT PACKING pc=0x0000024871a36350 sp=0x000000df20dfdc20
Event: 11.786 Thread 0x000002487fb3b5b0 DEOPT UNPACKING pc=0x00000248714769a3 sp=0x000000df20dfdb20 mode 2
Event: 11.790 Thread 0x000002487fb3b5b0 Uncommon trap: trap_request=0xffffff45 fr.pc=0x0000024871a35764 relative=0x00000000000001a4
Event: 11.790 Thread 0x000002487fb3b5b0 Uncommon trap: reason=unstable_if action=reinterpret pc=0x0000024871a35764 method=java.util.HashMap.getNode(Ljava/lang/Object;)Ljava/util/HashMap$Node; @ 66 c2
Event: 11.790 Thread 0x000002487fb3b5b0 DEOPT PACKING pc=0x0000024871a35764 sp=0x000000df20dfdbe0
Event: 11.790 Thread 0x000002487fb3b5b0 DEOPT UNPACKING pc=0x00000248714769a3 sp=0x000000df20dfdb50 mode 2

Classes unloaded (0 events):
No events

Classes redefined (0 events):
No events

Internal exceptions (20 events):
Event: 0.313 Thread 0x000002487f906250 Exception <a 'java/lang/NoSuchMethodError'{0x000000008c9e8f90}: 'java.lang.Object java.lang.invoke.DirectMethodHandle$Holder.newInvokeSpecial(java.lang.Object, java.lang.Object, java.lang.Object, int, int, int, int, int)'> (0x000000008c9e8f90) 
thrown [s\src\hotspot\share\interpreter\linkResolver.cpp, line 759]
Event: 0.368 Thread 0x000002486501beb0 Exception <a 'java/lang/NoSuchMethodError'{0x000000008c991988}: 'void java.lang.invoke.DirectMethodHandle$Holder.invokeStaticInit(java.lang.Object)'> (0x000000008c991988) 
thrown [s\src\hotspot\share\interpreter\linkResolver.cpp, line 759]
Event: 0.383 Thread 0x000002486501beb0 Exception <a 'java/io/FileNotFoundException'{0x000000008c99f310}> (0x000000008c99f310) 
thrown [s\src\hotspot\share\prims\jni.cpp, line 516]
Event: 0.615 Thread 0x000002487fc6a7d0 Implicit null exception at 0x0000024871a041e0 to 0x0000024871a04730
Event: 1.886 Thread 0x0000024804c3a6b0 Implicit null exception at 0x0000024871aa0274 to 0x0000024871aa0470
Event: 2.018 Thread 0x000002487fb3b5b0 Implicit null exception at 0x0000024871aec3cb to 0x0000024871aec548
Event: 2.104 Thread 0x000002487fb3b5b0 Implicit null exception at 0x0000024871a5104f to 0x0000024871a515b8
Event: 2.165 Thread 0x000002487fb3b5b0 Implicit null exception at 0x0000024871a49200 to 0x0000024871a49e70
Event: 2.175 Thread 0x000002487fb3b5b0 Implicit null exception at 0x0000024871af1ba0 to 0x0000024871af1c78
Event: 2.938 Thread 0x000002487fb3b5b0 Implicit null exception at 0x0000024871b30180 to 0x0000024871b308d0
Event: 2.938 Thread 0x000002487fb3b5b0 Implicit null exception at 0x0000024871a68cac to 0x0000024871a68cf8
Event: 3.175 Thread 0x000002487fb3b5b0 Implicit null exception at 0x0000024871aded60 to 0x0000024871adedf4
Event: 3.175 Thread 0x000002487fb3b5b0 Implicit null exception at 0x0000024871ab4769 to 0x0000024871ab483c
Event: 3.175 Thread 0x000002487fb3b5b0 Implicit null exception at 0x0000024871a46860 to 0x0000024871a46a18
Event: 3.177 Thread 0x000002487fb3b5b0 Implicit null exception at 0x0000024871b1af8c to 0x0000024871b1b1a4
Event: 3.180 Thread 0x000002487fb3b5b0 Implicit null exception at 0x0000024871ae42cf to 0x0000024871ae48b0
Event: 3.180 Thread 0x000002487fb3b5b0 Implicit null exception at 0x0000024871a92748 to 0x0000024871a92b5a
Event: 6.138 Thread 0x000002487fb3b5b0 Implicit null exception at 0x0000024871b4fd8c to 0x0000024871b5098c
Event: 6.139 Thread 0x000002487fb3b5b0 Implicit null exception at 0x0000024871b6d591 to 0x0000024871b6e06c
Event: 6.139 Thread 0x000002487fb3b5b0 Implicit null exception at 0x0000024871b71072 to 0x0000024871b774bc

VM Operations (20 events):
Event: 6.634 Executing VM operation: Cleanup done
Event: 7.636 Executing VM operation: Cleanup
Event: 7.636 Executing VM operation: Cleanup done
Event: 8.648 Executing VM operation: Cleanup
Event: 8.649 Executing VM operation: Cleanup done
Event: 9.651 Executing VM operation: Cleanup
Event: 9.651 Executing VM operation: Cleanup done
Event: 10.652 Executing VM operation: Cleanup
Event: 10.652 Executing VM operation: Cleanup done
Event: 11.654 Executing VM operation: Cleanup
Event: 11.654 Executing VM operation: Cleanup done
Event: 11.726 Executing VM operation: HandshakeAllThreads
Event: 11.726 Executing VM operation: HandshakeAllThreads done
Event: 11.738 Executing VM operation: G1TryInitiateConcMark
Event: 11.757 Executing VM operation: G1TryInitiateConcMark done
Event: 11.764 Executing VM operation: HandshakeAllThreads
Event: 11.765 Executing VM operation: HandshakeAllThreads done
Event: 11.820 Executing VM operation: G1CollectForAllocation
Event: 11.828 Executing VM operation: G1CollectForAllocation done
Event: 11.849 Executing VM operation: G1CollectForAllocation

Events (20 events):
Event: 6.139 loading class javax/swing/text/GapContent$RemoveUndo done
Event: 6.139 loading class javax/swing/text/GapContent$UndoPosRef
Event: 6.139 loading class javax/swing/text/GapContent$UndoPosRef done
Event: 6.142 loading class java/awt/KeyboardFocusManager$2
Event: 6.142 loading class java/awt/KeyboardFocusManager$2 done
Event: 6.154 loading class sun/java2d/pipe/ShapeSpanIterator
Event: 6.154 loading class sun/java2d/pipe/SpanIterator
Event: 6.154 loading class sun/java2d/pipe/SpanIterator done
Event: 6.154 loading class sun/awt/geom/PathConsumer2D
Event: 6.154 loading class sun/awt/geom/PathConsumer2D done
Event: 6.154 loading class sun/java2d/pipe/ShapeSpanIterator done
Event: 9.587 loading class java/awt/event/ItemEvent
Event: 9.587 loading class java/awt/event/ItemEvent done
Event: 11.774 loading class java/util/TreeSet
Event: 11.774 loading class java/util/NavigableSet
Event: 11.774 loading class java/util/SortedSet
Event: 11.774 loading class java/util/SortedSet done
Event: 11.774 loading class java/util/NavigableSet done
Event: 11.774 loading class java/util/TreeSet done
Event: 11.779 Thread 0x000002487fb556d0 Thread added: 0x000002487fb556d0


Dynamic libraries:
0x00007ff6fbcd0000 - 0x00007ff6fbcde000 	C:\Users\ADMIN\AppData\Local\Temp\eoi521.tmp\configuration\org.eclipse.osgi\106\data\-637539034\plugins\org.eclipse.justj.openjdk.hotspot.jre.full.win32.x86_64_17.0.6.v20230204-1729\jre\bin\javaw.exe
0x00007ffb22cb0000 - 0x00007ffb22ea8000 	C:\WINDOWS\SYSTEM32\ntdll.dll
0x00007ffb22a80000 - 0x00007ffb22b3f000 	C:\WINDOWS\System32\KERNEL32.DLL
0x00007ffb20420000 - 0x00007ffb206f2000 	C:\WINDOWS\System32\KERNELBASE.dll
0x00007ffb20a20000 - 0x00007ffb20b20000 	C:\WINDOWS\System32\ucrtbase.dll
0x00007ffb0e920000 - 0x00007ffb0e937000 	C:\Users\ADMIN\AppData\Local\Temp\eoi521.tmp\configuration\org.eclipse.osgi\106\data\-637539034\plugins\org.eclipse.justj.openjdk.hotspot.jre.full.win32.x86_64_17.0.6.v20230204-1729\jre\bin\jli.dll
0x00007ffb0e880000 - 0x00007ffb0e899000 	C:\Users\ADMIN\AppData\Local\Temp\eoi521.tmp\configuration\org.eclipse.osgi\106\data\-637539034\plugins\org.eclipse.justj.openjdk.hotspot.jre.full.win32.x86_64_17.0.6.v20230204-1729\jre\bin\VCRUNTIME140.dll
0x00007ffb21620000 - 0x00007ffb217c1000 	C:\WINDOWS\System32\USER32.dll
0x00007ffb20b20000 - 0x00007ffb20b42000 	C:\WINDOWS\System32\win32u.dll
0x00007ffb21fc0000 - 0x00007ffb21feb000 	C:\WINDOWS\System32\GDI32.dll
0x00007ffb20700000 - 0x00007ffb2080f000 	C:\WINDOWS\System32\gdi32full.dll
0x00007ffb20c30000 - 0x00007ffb20ccd000 	C:\WINDOWS\System32\msvcp_win.dll
0x00007ffb09980000 - 0x00007ffb09c1a000 	C:\WINDOWS\WinSxS\amd64_microsoft.windows.common-controls_6595b64144ccf1df_6.0.19041.1110_none_60b5254171f9507e\COMCTL32.dll
0x00007ffb217d0000 - 0x00007ffb2186e000 	C:\WINDOWS\System32\msvcrt.dll
0x00007ffb22850000 - 0x00007ffb22880000 	C:\WINDOWS\System32\IMM32.DLL
0x00007ffb1cd60000 - 0x00007ffb1cd6c000 	C:\Users\ADMIN\AppData\Local\Temp\eoi521.tmp\configuration\org.eclipse.osgi\106\data\-637539034\plugins\org.eclipse.justj.openjdk.hotspot.jre.full.win32.x86_64_17.0.6.v20230204-1729\jre\bin\vcruntime140_1.dll
0x00007ffb00670000 - 0x00007ffb00701000 	C:\Users\ADMIN\AppData\Local\Temp\eoi521.tmp\configuration\org.eclipse.osgi\106\data\-637539034\plugins\org.eclipse.justj.openjdk.hotspot.jre.full.win32.x86_64_17.0.6.v20230204-1729\jre\bin\msvcp140.dll
0x00007ffada1b0000 - 0x00007ffadadf7000 	C:\Users\ADMIN\AppData\Local\Temp\eoi521.tmp\configuration\org.eclipse.osgi\106\data\-637539034\plugins\org.eclipse.justj.openjdk.hotspot.jre.full.win32.x86_64_17.0.6.v20230204-1729\jre\bin\server\jvm.dll
0x00007ffb22940000 - 0x00007ffb229ee000 	C:\WINDOWS\System32\ADVAPI32.dll
0x00007ffb22890000 - 0x00007ffb2292c000 	C:\WINDOWS\System32\sechost.dll
0x00007ffb22480000 - 0x00007ffb225a4000 	C:\WINDOWS\System32\RPCRT4.dll
0x00007ffb11ec0000 - 0x00007ffb11ee7000 	C:\WINDOWS\SYSTEM32\WINMM.dll
0x00007ffb124e0000 - 0x00007ffb124e9000 	C:\WINDOWS\SYSTEM32\WSOCK32.dll
0x00007ffb1b3e0000 - 0x00007ffb1b3ea000 	C:\WINDOWS\SYSTEM32\VERSION.dll
0x00007ffb21010000 - 0x00007ffb2107b000 	C:\WINDOWS\System32\WS2_32.dll
0x00007ffb1ec20000 - 0x00007ffb1ec32000 	C:\WINDOWS\SYSTEM32\kernel.appcore.dll
0x00007ffb0ef90000 - 0x00007ffb0ef9a000 	C:\Users\ADMIN\AppData\Local\Temp\eoi521.tmp\configuration\org.eclipse.osgi\106\data\-637539034\plugins\org.eclipse.justj.openjdk.hotspot.jre.full.win32.x86_64_17.0.6.v20230204-1729\jre\bin\jimage.dll
0x00007ffb1dfe0000 - 0x00007ffb1e1c4000 	C:\WINDOWS\SYSTEM32\DBGHELP.DLL
0x00007ffb1a1c0000 - 0x00007ffb1a1f5000 	C:\WINDOWS\SYSTEM32\dbgcore.DLL
0x00007ffb20ba0000 - 0x00007ffb20c22000 	C:\WINDOWS\System32\bcryptPrimitives.dll
0x00007ffb0e850000 - 0x00007ffb0e875000 	C:\Users\ADMIN\AppData\Local\Temp\eoi521.tmp\configuration\org.eclipse.osgi\106\data\-637539034\plugins\org.eclipse.justj.openjdk.hotspot.jre.full.win32.x86_64_17.0.6.v20230204-1729\jre\bin\java.dll
0x00007ffb0e010000 - 0x00007ffb0e028000 	C:\Users\ADMIN\AppData\Local\Temp\eoi521.tmp\configuration\org.eclipse.osgi\106\data\-637539034\plugins\org.eclipse.justj.openjdk.hotspot.jre.full.win32.x86_64_17.0.6.v20230204-1729\jre\bin\zip.dll
0x00007ffb21870000 - 0x00007ffb21fb5000 	C:\WINDOWS\System32\SHELL32.dll
0x00007ffb1e470000 - 0x00007ffb1ec02000 	C:\WINDOWS\SYSTEM32\windows.storage.dll
0x00007ffb22110000 - 0x00007ffb22465000 	C:\WINDOWS\System32\combase.dll
0x00007ffb1fe10000 - 0x00007ffb1fe40000 	C:\WINDOWS\SYSTEM32\Wldp.dll
0x00007ffb21570000 - 0x00007ffb2161d000 	C:\WINDOWS\System32\SHCORE.dll
0x00007ffb20fb0000 - 0x00007ffb21005000 	C:\WINDOWS\System32\shlwapi.dll
0x00007ffb202f0000 - 0x00007ffb2030f000 	C:\WINDOWS\SYSTEM32\profapi.dll
0x00007ffaeb070000 - 0x00007ffaeb1fe000 	C:\Users\ADMIN\AppData\Local\Temp\eoi521.tmp\configuration\org.eclipse.osgi\106\data\-637539034\plugins\org.eclipse.justj.openjdk.hotspot.jre.full.win32.x86_64_17.0.6.v20230204-1729\jre\bin\awt.dll
0x00007ffb22780000 - 0x00007ffb2284d000 	C:\WINDOWS\System32\OLEAUT32.dll
0x00007ffb1ce00000 - 0x00007ffb1ce90000 	C:\WINDOWS\SYSTEM32\apphelp.dll
0x00007ffb0d7f0000 - 0x00007ffb0d809000 	C:\Users\ADMIN\AppData\Local\Temp\eoi521.tmp\configuration\org.eclipse.osgi\106\data\-637539034\plugins\org.eclipse.justj.openjdk.hotspot.jre.full.win32.x86_64_17.0.6.v20230204-1729\jre\bin\net.dll
0x00007ffb19230000 - 0x00007ffb1933a000 	C:\WINDOWS\SYSTEM32\WINHTTP.dll
0x00007ffb1fb70000 - 0x00007ffb1fbda000 	C:\WINDOWS\system32\mswsock.dll
0x00007ffb093e0000 - 0x00007ffb093f5000 	C:\Users\ADMIN\AppData\Local\Temp\eoi521.tmp\configuration\org.eclipse.osgi\106\data\-637539034\plugins\org.eclipse.justj.openjdk.hotspot.jre.full.win32.x86_64_17.0.6.v20230204-1729\jre\bin\nio.dll
0x00007ffb1cf40000 - 0x00007ffb1cfde000 	C:\WINDOWS\system32\uxtheme.dll
0x00007ffb21ff0000 - 0x00007ffb22104000 	C:\WINDOWS\System32\MSCTF.dll
0x00007ffb22b40000 - 0x00007ffb22c6a000 	C:\WINDOWS\System32\ole32.dll
0x00007ffb1d1c0000 - 0x00007ffb1d1ef000 	C:\WINDOWS\system32\DWMAPI.DLL
0x00007ffaf8690000 - 0x00007ffaf87b5000 	C:\WINDOWS\system32\opengl32.dll
0x00007ffaf8610000 - 0x00007ffaf863c000 	C:\WINDOWS\SYSTEM32\GLU32.dll
0x00007ffb00050000 - 0x00007ffb000d6000 	C:\Users\ADMIN\AppData\Local\Temp\eoi521.tmp\configuration\org.eclipse.osgi\106\data\-637539034\plugins\org.eclipse.justj.openjdk.hotspot.jre.full.win32.x86_64_17.0.6.v20230204-1729\jre\bin\freetype.dll
0x00007ffaf4200000 - 0x00007ffaf42c5000 	C:\Users\ADMIN\AppData\Local\Temp\eoi521.tmp\configuration\org.eclipse.osgi\106\data\-637539034\plugins\org.eclipse.justj.openjdk.hotspot.jre.full.win32.x86_64_17.0.6.v20230204-1729\jre\bin\fontmanager.dll
0x00007ffaf9900000 - 0x00007ffaf99f9000 	C:\WINDOWS\SYSTEM32\textinputframework.dll
0x00007ffb1c790000 - 0x00007ffb1caee000 	C:\WINDOWS\System32\CoreUIComponents.dll
0x00007ffb1caf0000 - 0x00007ffb1cbe2000 	C:\WINDOWS\System32\CoreMessaging.dll
0x00007ffb1f540000 - 0x00007ffb1f573000 	C:\WINDOWS\SYSTEM32\ntmarta.dll
0x00007ffb1c0c0000 - 0x00007ffb1c214000 	C:\WINDOWS\SYSTEM32\wintypes.dll
0x00007ffb0f530000 - 0x00007ffb0f596000 	C:\WINDOWS\system32\Oleacc.dll
0x00007ffb225b0000 - 0x00007ffb22659000 	C:\WINDOWS\System32\clbcatq.dll
0x00007ffabba90000 - 0x00007ffabbb61000 	C:\Windows\System32\IME\IMEKR\imkrtip.dll
0x00007ffb1b8b0000 - 0x00007ffb1b9a6000 	C:\WINDOWS\SYSTEM32\PROPSYS.dll
0x00007ffabb940000 - 0x00007ffabba82000 	C:\Windows\System32\IME\shared\imetip.dll
0x00007ffae4f30000 - 0x00007ffae50de000 	C:\WINDOWS\SYSTEM32\DUI70.dll
0x00007ffabb8f0000 - 0x00007ffabb931000 	C:\Windows\System32\IME\IMEKR\imkrapi.dll
0x00007ffb1a110000 - 0x00007ffb1a1b3000 	C:\WINDOWS\SYSTEM32\policymanager.dll
0x00007ffb1f4b0000 - 0x00007ffb1f53a000 	C:\WINDOWS\SYSTEM32\msvcp110_win.dll
0x00007ffabf220000 - 0x00007ffabf25e000 	C:\Windows\System32\IME\shared\imjkapi.dll
0x00007ffb19d00000 - 0x00007ffb19eb4000 	C:\WINDOWS\SYSTEM32\WindowsCodecs.dll
0x00007ffb20cd0000 - 0x00007ffb20cf7000 	C:\WINDOWS\System32\bcrypt.dll
0x00007ffaf3a90000 - 0x00007ffaf3ace000 	C:\WINDOWS\system32\dataexchange.dll
0x00007ffb1e1d0000 - 0x00007ffb1e433000 	C:\WINDOWS\system32\d3d11.dll
0x00007ffb1c220000 - 0x00007ffb1c403000 	C:\WINDOWS\system32\dcomp.dll
0x00007ffb1ec70000 - 0x00007ffb1ed63000 	C:\WINDOWS\system32\dxgi.dll
0x00007ffb1a2b0000 - 0x00007ffb1a4b0000 	C:\WINDOWS\system32\twinapi.appcore.dll

dbghelp: loaded successfully - version: 4.0.5 - missing functions: none
symbol engine: initialized successfully - sym options: 0x614 - pdb path: .;C:\Users\ADMIN\AppData\Local\Temp\eoi521.tmp\configuration\org.eclipse.osgi\106\data\-637539034\plugins\org.eclipse.justj.openjdk.hotspot.jre.full.win32.x86_64_17.0.6.v20230204-1729\jre\bin;C:\WINDOWS\SYSTEM32;C:\WINDOWS\WinSxS\amd64_microsoft.windows.common-controls_6595b64144ccf1df_6.0.19041.1110_none_60b5254171f9507e;C:\Users\ADMIN\AppData\Local\Temp\eoi521.tmp\configuration\org.eclipse.osgi\106\data\-637539034\plugins\org.eclipse.justj.openjdk.hotspot.jre.full.win32.x86_64_17.0.6.v20230204-1729\jre\bin\server;C:\Windows\System32\IME\IMEKR;C:\Windows\System32\IME\shared

VM Arguments:
jvm_args: -Dfile.encoding=UTF-8 -XX:+ShowCodeDetailsInExceptionMessages 
java_command: word.Main
java_class_path (initial): C:\Users\ADMIN\eclipse-workspace2\Kmong\bin;C:\Program Files\Java\jdk1.8.0_311\lib\jxl.jar
Launcher Type: SUN_STANDARD

[Global flags]
     intx CICompilerCount                          = 3                                         {product} {ergonomic}
     uint ConcGCThreads                            = 2                                         {product} {ergonomic}
     uint G1ConcRefinementThreads                  = 6                                         {product} {ergonomic}
   size_t G1HeapRegionSize                         = 1048576                                   {product} {ergonomic}
    uintx GCDrainStackTargetSize                   = 64                                        {product} {ergonomic}
   size_t InitialHeapSize                          = 130023424                                 {product} {ergonomic}
   size_t MarkStackSize                            = 4194304                                   {product} {ergonomic}
   size_t MaxHeapSize                              = 2061500416                                {product} {ergonomic}
   size_t MaxNewSize                               = 1236271104                                {product} {ergonomic}
   size_t MinHeapDeltaBytes                        = 1048576                                   {product} {ergonomic}
   size_t MinHeapSize                              = 8388608                                   {product} {ergonomic}
    uintx NonNMethodCodeHeapSize                   = 5832780                                {pd product} {ergonomic}
    uintx NonProfiledCodeHeapSize                  = 122912730                              {pd product} {ergonomic}
    uintx ProfiledCodeHeapSize                     = 122912730                              {pd product} {ergonomic}
    uintx ReservedCodeCacheSize                    = 251658240                              {pd product} {ergonomic}
     bool SegmentedCodeCache                       = true                                      {product} {ergonomic}
     bool ShowCodeDetailsInExceptionMessages       = true                                   {manageable} {command line}
   size_t SoftMaxHeapSize                          = 2061500416                             {manageable} {ergonomic}
     bool UseCompressedClassPointers               = true                           {product lp64_product} {ergonomic}
     bool UseCompressedOops                        = true                           {product lp64_product} {ergonomic}
     bool UseG1GC                                  = true                                      {product} {ergonomic}
     bool UseLargePagesIndividualAllocation        = false                                  {pd product} {ergonomic}

Logging:
Log output configuration:
 #0: stdout all=warning uptime,level,tags
 #1: stderr all=off uptime,level,tags

Environment Variables:
JAVA_HOME=D:\jdk8
CLASSPATH=D:\jdk8\lib
PATH=C:/Users/ADMIN/AppData/Local/Temp/eoi521.tmp/configuration/org.eclipse.osgi/106/data/-637539034/plugins/org.eclipse.justj.openjdk.hotspot.jre.full.win32.x86_64_17.0.6.v20230204-1729/jre/bin/server;C:/Users/ADMIN/AppData/Local/Temp/eoi521.tmp/configuration/org.eclipse.osgi/106/data/-637539034/plugins/org.eclipse.justj.openjdk.hotspot.jre.full.win32.x86_64_17.0.6.v20230204-1729/jre/bin;D:\jdk8\bin;C:\Program Files (x86)\Common Files\Oracle\Java\javapath;C:\Windows\system32;C:\Windows;C:\Windows\System32\Wbem;C:\Windows\System32\WindowsPowerShell\v1.0\;C:\Windows\System32\OpenSSH\;C:\WINDOWS\system32;C:\WINDOWS;C:\WINDOWS\System32\Wbem;C:\WINDOWS\System32\WindowsPowerShell\v1.0\;C:\WINDOWS\System32\OpenSSH\;C:\Program Files\dotnet\;D:\jdk8\lib;C:\Program Files\Git\cmd;C:\Program Files (x86)\dotnet\;C:\Users\ADMIN\AppData\Local\Microsoft\WindowsApps;C:\Users\ADMIN\.dotnet\tools;C:\Users\ADMIN\AppData\Local\GitHubDesktop\bin;C:\Users\ADMIN\AppData\Local\Programs\Microsoft VS Code\bin;C:\WINDOWS\system32;
USERNAME=ADMIN
OS=Windows_NT
PROCESSOR_IDENTIFIER=Intel64 Family 6 Model 158 Stepping 10, GenuineIntel
TMP=C:\Users\ADMIN\AppData\Local\Temp
TEMP=C:\Users\ADMIN\AppData\Local\Temp



---------------  S Y S T E M  ---------------

OS:
 Windows 10 , 64 bit Build 19041 (10.0.19041.2546)
OS uptime: 0 days 7:34 hours

CPU: total 6 (initial active 6) (6 cores per cpu, 1 threads per core) family 6 model 158 stepping 10 microcode 0xb4, cx8, cmov, fxsr, mmx, 3dnowpref, sse, sse2, sse3, ssse3, sse4.1, sse4.2, popcnt, lzcnt, tsc, tscinvbit, avx, avx2, aes, erms, clmul, bmi1, bmi2, rtm, adx, fma, vzeroupper, clflush, clflushopt

Memory: 4k page, system-wide physical 7860M (1059M free)
TotalPageFile size 9749M (AvailPageFile size 195M)
current process WorkingSet (physical memory assigned to process): 520M, peak: 522M
current process commit charge ("private bytes"): 546M, peak: 1167M

vm_info: OpenJDK 64-Bit Server VM (17.0.6+10) for windows-amd64 JRE (17.0.6+10), built on Jan 18 2023 10:08:59 by "temurin" with MS VC++ 16.7 (VS2019)

END.
